{"/Users/andersonluizpereira/typescript/journal/src/data/usecases/account/add-account/db-add-account.ts": {"path":"/Users/andersonluizpereira/typescript/journal/src/data/usecases/account/add-account/db-add-account.ts","statementMap":{"0":{"start":{"line":5,"column":21},"end":{"line":5,"column":35}},"1":{"start":{"line":6,"column":21},"end":{"line":6,"column":63}},"2":{"start":{"line":7,"column":21},"end":{"line":7,"column":79}},"3":{"start":{"line":11,"column":20},"end":{"line":11,"column":90}},"4":{"start":{"line":12,"column":4},"end":{"line":16,"column":null}},"5":{"start":{"line":13,"column":29},"end":{"line":13,"column":73}},"6":{"start":{"line":14,"column":25},"end":{"line":14,"column":122}},"7":{"start":{"line":15,"column":6},"end":{"line":15,"column":null}},"8":{"start":{"line":17,"column":4},"end":{"line":17,"column":null}},"9":{"start":{"line":3,"column":0},"end":{"line":3,"column":13}}},"fnMap":{"0":{"name":"(anonymous_0)","decl":{"start":{"line":4,"column":2},"end":{"line":4,"column":null}},"loc":{"start":{"line":7,"column":79},"end":{"line":8,"column":6}}},"1":{"name":"(anonymous_1)","decl":{"start":{"line":10,"column":2},"end":{"line":10,"column":7}},"loc":{"start":{"line":10,"column":42},"end":{"line":18,"column":3}}}},"branchMap":{"0":{"loc":{"start":{"line":12,"column":4},"end":{"line":16,"column":null}},"type":"if","locations":[{"start":{"line":12,"column":4},"end":{"line":16,"column":null}},{"start":{"line":12,"column":4},"end":{"line":16,"column":null}}]}},"s":{"0":18,"1":18,"2":18,"3":9,"4":9,"5":7,"6":6,"7":5,"8":2,"9":12},"f":{"0":18,"1":9},"b":{"0":[7,2]}}
,"/Users/andersonluizpereira/typescript/journal/src/data/usecases/account/authentication/db-authentication.ts": {"path":"/Users/andersonluizpereira/typescript/journal/src/data/usecases/account/authentication/db-authentication.ts","statementMap":{"0":{"start":{"line":5,"column":21},"end":{"line":5,"column":79}},"1":{"start":{"line":6,"column":21},"end":{"line":6,"column":47}},"2":{"start":{"line":7,"column":21},"end":{"line":7,"column":41}},"3":{"start":{"line":8,"column":21},"end":{"line":8,"column":77}},"4":{"start":{"line":12,"column":20},"end":{"line":12,"column":99}},"5":{"start":{"line":13,"column":4},"end":{"line":23,"column":null}},"6":{"start":{"line":14,"column":22},"end":{"line":14,"column":102}},"7":{"start":{"line":15,"column":6},"end":{"line":22,"column":null}},"8":{"start":{"line":16,"column":28},"end":{"line":16,"column":68}},"9":{"start":{"line":17,"column":8},"end":{"line":17,"column":null}},"10":{"start":{"line":18,"column":8},"end":{"line":21,"column":null}},"11":{"start":{"line":24,"column":4},"end":{"line":24,"column":null}},"12":{"start":{"line":3,"column":0},"end":{"line":3,"column":13}}},"fnMap":{"0":{"name":"(anonymous_0)","decl":{"start":{"line":4,"column":2},"end":{"line":4,"column":null}},"loc":{"start":{"line":8,"column":77},"end":{"line":9,"column":6}}},"1":{"name":"(anonymous_1)","decl":{"start":{"line":11,"column":2},"end":{"line":11,"column":7}},"loc":{"start":{"line":11,"column":56},"end":{"line":25,"column":3}}}},"branchMap":{"0":{"loc":{"start":{"line":13,"column":4},"end":{"line":23,"column":null}},"type":"if","locations":[{"start":{"line":13,"column":4},"end":{"line":23,"column":null}},{"start":{"line":13,"column":4},"end":{"line":23,"column":null}}]},"1":{"loc":{"start":{"line":15,"column":6},"end":{"line":22,"column":null}},"type":"if","locations":[{"start":{"line":15,"column":6},"end":{"line":22,"column":null}},{"start":{"line":15,"column":6},"end":{"line":22,"column":null}}]}},"s":{"0":33,"1":33,"2":33,"3":33,"4":14,"5":13,"6":11,"7":10,"8":9,"9":8,"10":7,"11":3,"12":12},"f":{"0":33,"1":14},"b":{"0":[11,2],"1":[9,1]}}
,"/Users/andersonluizpereira/typescript/journal/src/data/usecases/account/load-account-by-token/db-load-account-by-token.ts": {"path":"/Users/andersonluizpereira/typescript/journal/src/data/usecases/account/load-account-by-token/db-load-account-by-token.ts","statementMap":{"0":{"start":{"line":4,"column":32},"end":{"line":4,"column":52}},"1":{"start":{"line":5,"column":21},"end":{"line":5,"column":79}},"2":{"start":{"line":11,"column":4},"end":{"line":15,"column":null}},"3":{"start":{"line":12,"column":6},"end":{"line":12,"column":null}},"4":{"start":{"line":14,"column":6},"end":{"line":14,"column":null}},"5":{"start":{"line":16,"column":4},"end":{"line":21,"column":null}},"6":{"start":{"line":17,"column":22},"end":{"line":17,"column":92}},"7":{"start":{"line":18,"column":6},"end":{"line":20,"column":null}},"8":{"start":{"line":19,"column":8},"end":{"line":19,"column":null}},"9":{"start":{"line":22,"column":4},"end":{"line":22,"column":null}},"10":{"start":{"line":3,"column":0},"end":{"line":3,"column":13}}},"fnMap":{"0":{"name":"(anonymous_0)","decl":{"start":{"line":4,"column":2},"end":{"line":4,"column":32}},"loc":{"start":{"line":5,"column":79},"end":{"line":7,"column":3}}},"1":{"name":"(anonymous_1)","decl":{"start":{"line":9,"column":2},"end":{"line":9,"column":7}},"loc":{"start":{"line":9,"column":48},"end":{"line":23,"column":3}}}},"branchMap":{"0":{"loc":{"start":{"line":16,"column":4},"end":{"line":21,"column":null}},"type":"if","locations":[{"start":{"line":16,"column":4},"end":{"line":21,"column":null}},{"start":{"line":16,"column":4},"end":{"line":21,"column":null}}]},"1":{"loc":{"start":{"line":18,"column":6},"end":{"line":20,"column":null}},"type":"if","locations":[{"start":{"line":18,"column":6},"end":{"line":20,"column":null}},{"start":{"line":18,"column":6},"end":{"line":20,"column":null}}]}},"s":{"0":18,"1":18,"2":20,"3":20,"4":1,"5":19,"6":18,"7":17,"8":16,"9":2,"10":12},"f":{"0":18,"1":20},"b":{"0":[18,1],"1":[16,1]}}
,"/Users/andersonluizpereira/typescript/journal/src/data/usecases/brand/add-brand/db-add-brand.ts": {"path":"/Users/andersonluizpereira/typescript/journal/src/data/usecases/brand/add-brand/db-add-brand.ts","statementMap":{"0":{"start":{"line":4,"column":32},"end":{"line":4,"column":70}},"1":{"start":{"line":6,"column":4},"end":{"line":6,"column":null}},"2":{"start":{"line":3,"column":0},"end":{"line":3,"column":13}}},"fnMap":{"0":{"name":"(anonymous_0)","decl":{"start":{"line":4,"column":2},"end":{"line":4,"column":32}},"loc":{"start":{"line":4,"column":70},"end":{"line":4,"column":74}}},"1":{"name":"(anonymous_1)","decl":{"start":{"line":5,"column":2},"end":{"line":5,"column":7}},"loc":{"start":{"line":5,"column":33},"end":{"line":7,"column":3}}}},"branchMap":{},"s":{"0":13,"1":3,"2":12},"f":{"0":13,"1":3},"b":{}}
,"/Users/andersonluizpereira/typescript/journal/src/data/usecases/brand/load-brand/db-load-brand.ts": {"path":"/Users/andersonluizpereira/typescript/journal/src/data/usecases/brand/load-brand/db-load-brand.ts","statementMap":{"0":{"start":{"line":4,"column":32},"end":{"line":4,"column":74}},"1":{"start":{"line":6,"column":19},"end":{"line":6,"column":60}},"2":{"start":{"line":7,"column":4},"end":{"line":7,"column":null}},"3":{"start":{"line":3,"column":0},"end":{"line":3,"column":13}}},"fnMap":{"0":{"name":"(anonymous_0)","decl":{"start":{"line":4,"column":2},"end":{"line":4,"column":32}},"loc":{"start":{"line":4,"column":74},"end":{"line":4,"column":78}}},"1":{"name":"(anonymous_1)","decl":{"start":{"line":5,"column":2},"end":{"line":5,"column":7}},"loc":{"start":{"line":5,"column":12},"end":{"line":8,"column":3}}}},"branchMap":{},"s":{"0":25,"1":3,"2":2,"3":12},"f":{"0":25,"1":3},"b":{}}
,"/Users/andersonluizpereira/typescript/journal/src/data/usecases/brand/load-brand-by-id/db-load-brand-by-id.ts": {"path":"/Users/andersonluizpereira/typescript/journal/src/data/usecases/brand/load-brand-by-id/db-load-brand-by-id.ts","statementMap":{"0":{"start":{"line":4,"column":32},"end":{"line":4,"column":80}},"1":{"start":{"line":6,"column":18},"end":{"line":6,"column":65}},"2":{"start":{"line":7,"column":4},"end":{"line":7,"column":null}},"3":{"start":{"line":3,"column":0},"end":{"line":3,"column":13}}},"fnMap":{"0":{"name":"(anonymous_0)","decl":{"start":{"line":4,"column":2},"end":{"line":4,"column":32}},"loc":{"start":{"line":4,"column":80},"end":{"line":4,"column":84}}},"1":{"name":"(anonymous_1)","decl":{"start":{"line":5,"column":2},"end":{"line":5,"column":7}},"loc":{"start":{"line":5,"column":28},"end":{"line":8,"column":3}}}},"branchMap":{},"s":{"0":36,"1":6,"2":5,"3":12},"f":{"0":36,"1":6},"b":{}}
,"/Users/andersonluizpereira/typescript/journal/src/data/usecases/brand/remove-brand/db-remove-brand.ts": {"path":"/Users/andersonluizpereira/typescript/journal/src/data/usecases/brand/remove-brand/db-remove-brand.ts","statementMap":{"0":{"start":{"line":4,"column":32},"end":{"line":4,"column":76}},"1":{"start":{"line":6,"column":4},"end":{"line":6,"column":null}},"2":{"start":{"line":3,"column":0},"end":{"line":3,"column":13}}},"fnMap":{"0":{"name":"(anonymous_0)","decl":{"start":{"line":4,"column":2},"end":{"line":4,"column":32}},"loc":{"start":{"line":4,"column":76},"end":{"line":4,"column":80}}},"1":{"name":"(anonymous_1)","decl":{"start":{"line":5,"column":2},"end":{"line":5,"column":7}},"loc":{"start":{"line":5,"column":30},"end":{"line":7,"column":3}}}},"branchMap":{},"s":{"0":13,"1":3,"2":12},"f":{"0":13,"1":3},"b":{}}
,"/Users/andersonluizpereira/typescript/journal/src/data/usecases/brand/update-brand/db-update-brand.ts": {"path":"/Users/andersonluizpereira/typescript/journal/src/data/usecases/brand/update-brand/db-update-brand.ts","statementMap":{"0":{"start":{"line":5,"column":32},"end":{"line":5,"column":78}},"1":{"start":{"line":7,"column":18},"end":{"line":7,"column":64}},"2":{"start":{"line":8,"column":4},"end":{"line":8,"column":null}},"3":{"start":{"line":4,"column":0},"end":{"line":4,"column":13}}},"fnMap":{"0":{"name":"(anonymous_0)","decl":{"start":{"line":5,"column":2},"end":{"line":5,"column":32}},"loc":{"start":{"line":5,"column":78},"end":{"line":5,"column":82}}},"1":{"name":"(anonymous_1)","decl":{"start":{"line":6,"column":2},"end":{"line":6,"column":7}},"loc":{"start":{"line":6,"column":32},"end":{"line":9,"column":3}}}},"branchMap":{},"s":{"0":13,"1":3,"2":2,"3":12},"f":{"0":13,"1":3},"b":{}}
,"/Users/andersonluizpereira/typescript/journal/src/data/usecases/category/add-category/db-add-category.ts": {"path":"/Users/andersonluizpereira/typescript/journal/src/data/usecases/category/add-category/db-add-category.ts","statementMap":{"0":{"start":{"line":4,"column":32},"end":{"line":4,"column":76}},"1":{"start":{"line":6,"column":4},"end":{"line":6,"column":null}},"2":{"start":{"line":3,"column":0},"end":{"line":3,"column":13}}},"fnMap":{"0":{"name":"(anonymous_0)","decl":{"start":{"line":4,"column":2},"end":{"line":4,"column":32}},"loc":{"start":{"line":4,"column":76},"end":{"line":4,"column":80}}},"1":{"name":"(anonymous_1)","decl":{"start":{"line":5,"column":2},"end":{"line":5,"column":7}},"loc":{"start":{"line":5,"column":36},"end":{"line":7,"column":3}}}},"branchMap":{},"s":{"0":13,"1":3,"2":12},"f":{"0":13,"1":3},"b":{}}
,"/Users/andersonluizpereira/typescript/journal/src/data/usecases/category/load-category/db-load-category.ts": {"path":"/Users/andersonluizpereira/typescript/journal/src/data/usecases/category/load-category/db-load-category.ts","statementMap":{"0":{"start":{"line":4,"column":32},"end":{"line":4,"column":80}},"1":{"start":{"line":6,"column":22},"end":{"line":6,"column":66}},"2":{"start":{"line":7,"column":4},"end":{"line":7,"column":null}},"3":{"start":{"line":3,"column":0},"end":{"line":3,"column":13}}},"fnMap":{"0":{"name":"(anonymous_0)","decl":{"start":{"line":4,"column":2},"end":{"line":4,"column":32}},"loc":{"start":{"line":4,"column":80},"end":{"line":4,"column":84}}},"1":{"name":"(anonymous_1)","decl":{"start":{"line":5,"column":2},"end":{"line":5,"column":7}},"loc":{"start":{"line":5,"column":12},"end":{"line":8,"column":3}}}},"branchMap":{},"s":{"0":25,"1":4,"2":3,"3":12},"f":{"0":25,"1":4},"b":{}}
,"/Users/andersonluizpereira/typescript/journal/src/data/usecases/category/load-category-by-id/db-load-category-by-id.ts": {"path":"/Users/andersonluizpereira/typescript/journal/src/data/usecases/category/load-category-by-id/db-load-category-by-id.ts","statementMap":{"0":{"start":{"line":4,"column":32},"end":{"line":4,"column":86}},"1":{"start":{"line":6,"column":21},"end":{"line":6,"column":71}},"2":{"start":{"line":7,"column":4},"end":{"line":7,"column":null}},"3":{"start":{"line":3,"column":0},"end":{"line":3,"column":13}}},"fnMap":{"0":{"name":"(anonymous_0)","decl":{"start":{"line":4,"column":2},"end":{"line":4,"column":32}},"loc":{"start":{"line":4,"column":86},"end":{"line":4,"column":90}}},"1":{"name":"(anonymous_1)","decl":{"start":{"line":5,"column":2},"end":{"line":5,"column":7}},"loc":{"start":{"line":5,"column":28},"end":{"line":8,"column":3}}}},"branchMap":{},"s":{"0":25,"1":5,"2":4,"3":12},"f":{"0":25,"1":5},"b":{}}
,"/Users/andersonluizpereira/typescript/journal/src/data/usecases/category/remove-category/db-remove-category.ts": {"path":"/Users/andersonluizpereira/typescript/journal/src/data/usecases/category/remove-category/db-remove-category.ts","statementMap":{"0":{"start":{"line":4,"column":32},"end":{"line":4,"column":82}},"1":{"start":{"line":6,"column":4},"end":{"line":6,"column":null}},"2":{"start":{"line":3,"column":0},"end":{"line":3,"column":13}}},"fnMap":{"0":{"name":"(anonymous_0)","decl":{"start":{"line":4,"column":2},"end":{"line":4,"column":32}},"loc":{"start":{"line":4,"column":82},"end":{"line":4,"column":86}}},"1":{"name":"(anonymous_1)","decl":{"start":{"line":5,"column":2},"end":{"line":5,"column":7}},"loc":{"start":{"line":5,"column":30},"end":{"line":7,"column":3}}}},"branchMap":{},"s":{"0":13,"1":3,"2":12},"f":{"0":13,"1":3},"b":{}}
,"/Users/andersonluizpereira/typescript/journal/src/data/usecases/category/update-category/db-update-category.ts": {"path":"/Users/andersonluizpereira/typescript/journal/src/data/usecases/category/update-category/db-update-category.ts","statementMap":{"0":{"start":{"line":5,"column":32},"end":{"line":5,"column":84}},"1":{"start":{"line":7,"column":21},"end":{"line":7,"column":70}},"2":{"start":{"line":8,"column":4},"end":{"line":8,"column":null}},"3":{"start":{"line":4,"column":0},"end":{"line":4,"column":13}}},"fnMap":{"0":{"name":"(anonymous_0)","decl":{"start":{"line":5,"column":2},"end":{"line":5,"column":32}},"loc":{"start":{"line":5,"column":84},"end":{"line":5,"column":88}}},"1":{"name":"(anonymous_1)","decl":{"start":{"line":6,"column":2},"end":{"line":6,"column":7}},"loc":{"start":{"line":6,"column":35},"end":{"line":9,"column":3}}}},"branchMap":{},"s":{"0":13,"1":3,"2":2,"3":12},"f":{"0":13,"1":3},"b":{}}
,"/Users/andersonluizpereira/typescript/journal/src/data/usecases/product/add-product/db-add-product.ts": {"path":"/Users/andersonluizpereira/typescript/journal/src/data/usecases/product/add-product/db-add-product.ts","statementMap":{"0":{"start":{"line":5,"column":32},"end":{"line":5,"column":74}},"1":{"start":{"line":7,"column":4},"end":{"line":7,"column":null}},"2":{"start":{"line":4,"column":0},"end":{"line":4,"column":13}}},"fnMap":{"0":{"name":"(anonymous_0)","decl":{"start":{"line":5,"column":2},"end":{"line":5,"column":32}},"loc":{"start":{"line":5,"column":74},"end":{"line":5,"column":78}}},"1":{"name":"(anonymous_1)","decl":{"start":{"line":6,"column":2},"end":{"line":6,"column":7}},"loc":{"start":{"line":6,"column":35},"end":{"line":8,"column":3}}}},"branchMap":{},"s":{"0":13,"1":3,"2":12},"f":{"0":13,"1":3},"b":{}}
,"/Users/andersonluizpereira/typescript/journal/src/data/usecases/product/load-product/db-load-product.ts": {"path":"/Users/andersonluizpereira/typescript/journal/src/data/usecases/product/load-product/db-load-product.ts","statementMap":{"0":{"start":{"line":4,"column":32},"end":{"line":4,"column":78}},"1":{"start":{"line":6,"column":21},"end":{"line":6,"column":64}},"2":{"start":{"line":7,"column":4},"end":{"line":7,"column":null}},"3":{"start":{"line":3,"column":0},"end":{"line":3,"column":13}}},"fnMap":{"0":{"name":"(anonymous_0)","decl":{"start":{"line":4,"column":2},"end":{"line":4,"column":32}},"loc":{"start":{"line":4,"column":78},"end":{"line":4,"column":82}}},"1":{"name":"(anonymous_1)","decl":{"start":{"line":5,"column":2},"end":{"line":5,"column":7}},"loc":{"start":{"line":5,"column":12},"end":{"line":8,"column":3}}}},"branchMap":{},"s":{"0":36,"1":4,"2":3,"3":12},"f":{"0":36,"1":4},"b":{}}
,"/Users/andersonluizpereira/typescript/journal/src/data/usecases/product/load-product-by-id/db-load-product-by-id.ts": {"path":"/Users/andersonluizpereira/typescript/journal/src/data/usecases/product/load-product-by-id/db-load-product-by-id.ts","statementMap":{"0":{"start":{"line":4,"column":32},"end":{"line":4,"column":84}},"1":{"start":{"line":6,"column":20},"end":{"line":6,"column":69}},"2":{"start":{"line":7,"column":4},"end":{"line":7,"column":null}},"3":{"start":{"line":3,"column":0},"end":{"line":3,"column":13}}},"fnMap":{"0":{"name":"(anonymous_0)","decl":{"start":{"line":4,"column":2},"end":{"line":4,"column":32}},"loc":{"start":{"line":4,"column":84},"end":{"line":4,"column":88}}},"1":{"name":"(anonymous_1)","decl":{"start":{"line":5,"column":2},"end":{"line":5,"column":7}},"loc":{"start":{"line":5,"column":28},"end":{"line":8,"column":3}}}},"branchMap":{},"s":{"0":25,"1":5,"2":4,"3":12},"f":{"0":25,"1":5},"b":{}}
,"/Users/andersonluizpereira/typescript/journal/src/data/usecases/product/load-product-by-ref-id/db-load-product-by-ref-id.ts": {"path":"/Users/andersonluizpereira/typescript/journal/src/data/usecases/product/load-product-by-ref-id/db-load-product-by-ref-id.ts","statementMap":{"0":{"start":{"line":4,"column":32},"end":{"line":4,"column":87}},"1":{"start":{"line":6,"column":20},"end":{"line":6,"column":75}},"2":{"start":{"line":7,"column":4},"end":{"line":7,"column":null}},"3":{"start":{"line":3,"column":0},"end":{"line":3,"column":13}}},"fnMap":{"0":{"name":"(anonymous_0)","decl":{"start":{"line":4,"column":2},"end":{"line":4,"column":32}},"loc":{"start":{"line":4,"column":87},"end":{"line":4,"column":91}}},"1":{"name":"(anonymous_1)","decl":{"start":{"line":5,"column":2},"end":{"line":5,"column":7}},"loc":{"start":{"line":5,"column":34},"end":{"line":8,"column":3}}}},"branchMap":{},"s":{"0":14,"1":4,"2":3,"3":12},"f":{"0":14,"1":4},"b":{}}
,"/Users/andersonluizpereira/typescript/journal/src/data/usecases/product/remove-product/db-remove-product.ts": {"path":"/Users/andersonluizpereira/typescript/journal/src/data/usecases/product/remove-product/db-remove-product.ts","statementMap":{"0":{"start":{"line":4,"column":32},"end":{"line":4,"column":80}},"1":{"start":{"line":6,"column":4},"end":{"line":6,"column":null}},"2":{"start":{"line":3,"column":0},"end":{"line":3,"column":13}}},"fnMap":{"0":{"name":"(anonymous_0)","decl":{"start":{"line":4,"column":2},"end":{"line":4,"column":32}},"loc":{"start":{"line":4,"column":80},"end":{"line":4,"column":84}}},"1":{"name":"(anonymous_1)","decl":{"start":{"line":5,"column":2},"end":{"line":5,"column":7}},"loc":{"start":{"line":5,"column":30},"end":{"line":7,"column":3}}}},"branchMap":{},"s":{"0":13,"1":3,"2":12},"f":{"0":13,"1":3},"b":{}}
,"/Users/andersonluizpereira/typescript/journal/src/data/usecases/product/update-product/db-update-product.ts": {"path":"/Users/andersonluizpereira/typescript/journal/src/data/usecases/product/update-product/db-update-product.ts","statementMap":{"0":{"start":{"line":5,"column":32},"end":{"line":5,"column":82}},"1":{"start":{"line":7,"column":20},"end":{"line":7,"column":68}},"2":{"start":{"line":8,"column":4},"end":{"line":8,"column":null}},"3":{"start":{"line":4,"column":0},"end":{"line":4,"column":13}}},"fnMap":{"0":{"name":"(anonymous_0)","decl":{"start":{"line":5,"column":2},"end":{"line":5,"column":32}},"loc":{"start":{"line":5,"column":82},"end":{"line":5,"column":86}}},"1":{"name":"(anonymous_1)","decl":{"start":{"line":6,"column":2},"end":{"line":6,"column":7}},"loc":{"start":{"line":6,"column":34},"end":{"line":9,"column":3}}}},"branchMap":{},"s":{"0":13,"1":3,"2":2,"3":12},"f":{"0":13,"1":3},"b":{}}
,"/Users/andersonluizpereira/typescript/journal/src/infra/cache/redisAdapter/redisAdapter.ts": {"path":"/Users/andersonluizpereira/typescript/journal/src/infra/cache/redisAdapter/redisAdapter.ts","statementMap":{"0":{"start":{"line":5,"column":32},"end":{"line":5,"column":51}},"1":{"start":{"line":8,"column":4},"end":{"line":8,"column":null}},"2":{"start":{"line":12,"column":4},"end":{"line":12,"column":null}},"3":{"start":{"line":16,"column":17},"end":{"line":16,"column":43}},"4":{"start":{"line":18,"column":4},"end":{"line":18,"column":null}},"5":{"start":{"line":18,"column":15},"end":{"line":18,"column":null}},"6":{"start":{"line":20,"column":4},"end":{"line":20,"column":null}},"7":{"start":{"line":4,"column":0},"end":{"line":4,"column":13}}},"fnMap":{"0":{"name":"(anonymous_0)","decl":{"start":{"line":5,"column":2},"end":{"line":5,"column":32}},"loc":{"start":{"line":5,"column":51},"end":{"line":5,"column":55}}},"1":{"name":"(anonymous_1)","decl":{"start":{"line":7,"column":2},"end":{"line":7,"column":7}},"loc":{"start":{"line":7,"column":26},"end":{"line":9,"column":3}}},"2":{"name":"(anonymous_2)","decl":{"start":{"line":11,"column":2},"end":{"line":11,"column":7}},"loc":{"start":{"line":11,"column":36},"end":{"line":13,"column":3}}},"3":{"name":"(anonymous_3)","decl":{"start":{"line":15,"column":2},"end":{"line":15,"column":7}},"loc":{"start":{"line":15,"column":27},"end":{"line":21,"column":3}}}},"branchMap":{"0":{"loc":{"start":{"line":18,"column":4},"end":{"line":18,"column":null}},"type":"if","locations":[{"start":{"line":18,"column":4},"end":{"line":18,"column":null}},{"start":{"line":18,"column":4},"end":{"line":18,"column":null}}]}},"s":{"0":8,"1":2,"2":2,"3":4,"4":3,"5":2,"6":1,"7":1},"f":{"0":8,"1":2,"2":2,"3":4},"b":{"0":[2,1]}}
,"/Users/andersonluizpereira/typescript/journal/src/infra/criptografy/bcrypt-adapter/bcrypt-adapter.ts": {"path":"/Users/andersonluizpereira/typescript/journal/src/infra/criptografy/bcrypt-adapter/bcrypt-adapter.ts","statementMap":{"0":{"start":{"line":2,"column":0},"end":{"line":2,"column":27}},"1":{"start":{"line":5,"column":32},"end":{"line":5,"column":44}},"2":{"start":{"line":8,"column":19},"end":{"line":8,"column":58}},"3":{"start":{"line":9,"column":4},"end":{"line":9,"column":null}},"4":{"start":{"line":13,"column":20},"end":{"line":13,"column":59}},"5":{"start":{"line":14,"column":4},"end":{"line":14,"column":null}},"6":{"start":{"line":4,"column":0},"end":{"line":4,"column":13}}},"fnMap":{"0":{"name":"(anonymous_1)","decl":{"start":{"line":5,"column":2},"end":{"line":5,"column":32}},"loc":{"start":{"line":5,"column":44},"end":{"line":5,"column":48}}},"1":{"name":"(anonymous_2)","decl":{"start":{"line":7,"column":2},"end":{"line":7,"column":7}},"loc":{"start":{"line":7,"column":31},"end":{"line":10,"column":3}}},"2":{"name":"(anonymous_3)","decl":{"start":{"line":12,"column":2},"end":{"line":12,"column":7}},"loc":{"start":{"line":12,"column":50},"end":{"line":15,"column":3}}}},"branchMap":{},"s":{"0":12,"1":40,"2":4,"3":3,"4":6,"5":5,"6":12},"f":{"0":40,"1":4,"2":6},"b":{}}
,"/Users/andersonluizpereira/typescript/journal/src/infra/db/typeorm/entities/account.ts": {"path":"/Users/andersonluizpereira/typescript/journal/src/infra/db/typeorm/entities/account.ts","statementMap":{"0":{"start":{"line":1,"column":0},"end":{"line":1,"column":64}},"1":{"start":{"line":4,"column":0},"end":{"line":22,"column":null}},"2":{"start":{"line":6,"column":2},"end":{"line":6,"column":null}},"3":{"start":{"line":9,"column":2},"end":{"line":9,"column":null}},"4":{"start":{"line":12,"column":2},"end":{"line":12,"column":null}},"5":{"start":{"line":15,"column":2},"end":{"line":15,"column":null}},"6":{"start":{"line":18,"column":2},"end":{"line":18,"column":null}},"7":{"start":{"line":21,"column":2},"end":{"line":21,"column":null}},"8":{"start":{"line":4,"column":13},"end":{"line":22,"column":null}},"9":{"start":{"line":4,"column":13},"end":{"line":4,"column":20}}},"fnMap":{},"branchMap":{},"s":{"0":16,"1":16,"2":16,"3":16,"4":16,"5":16,"6":16,"7":16,"8":16,"9":16},"f":{},"b":{}}
,"/Users/andersonluizpereira/typescript/journal/src/infra/db/typeorm/entities/brand.ts": {"path":"/Users/andersonluizpereira/typescript/journal/src/infra/db/typeorm/entities/brand.ts","statementMap":{"0":{"start":{"line":1,"column":0},"end":{"line":1,"column":64}},"1":{"start":{"line":4,"column":0},"end":{"line":34,"column":null}},"2":{"start":{"line":6,"column":2},"end":{"line":6,"column":null}},"3":{"start":{"line":9,"column":2},"end":{"line":9,"column":null}},"4":{"start":{"line":12,"column":2},"end":{"line":12,"column":null}},"5":{"start":{"line":15,"column":2},"end":{"line":15,"column":null}},"6":{"start":{"line":18,"column":2},"end":{"line":18,"column":null}},"7":{"start":{"line":21,"column":2},"end":{"line":21,"column":null}},"8":{"start":{"line":24,"column":2},"end":{"line":24,"column":null}},"9":{"start":{"line":27,"column":2},"end":{"line":27,"column":null}},"10":{"start":{"line":30,"column":2},"end":{"line":30,"column":null}},"11":{"start":{"line":33,"column":2},"end":{"line":33,"column":null}},"12":{"start":{"line":4,"column":13},"end":{"line":34,"column":null}},"13":{"start":{"line":4,"column":13},"end":{"line":4,"column":18}}},"fnMap":{},"branchMap":{},"s":{"0":16,"1":16,"2":16,"3":16,"4":16,"5":16,"6":16,"7":16,"8":16,"9":16,"10":16,"11":16,"12":16,"13":16},"f":{},"b":{}}
,"/Users/andersonluizpereira/typescript/journal/src/infra/db/typeorm/entities/category.ts": {"path":"/Users/andersonluizpereira/typescript/journal/src/infra/db/typeorm/entities/category.ts","statementMap":{"0":{"start":{"line":1,"column":0},"end":{"line":1,"column":64}},"1":{"start":{"line":4,"column":0},"end":{"line":43,"column":null}},"2":{"start":{"line":6,"column":2},"end":{"line":6,"column":null}},"3":{"start":{"line":9,"column":2},"end":{"line":9,"column":null}},"4":{"start":{"line":12,"column":2},"end":{"line":12,"column":null}},"5":{"start":{"line":15,"column":2},"end":{"line":15,"column":null}},"6":{"start":{"line":18,"column":2},"end":{"line":18,"column":null}},"7":{"start":{"line":21,"column":2},"end":{"line":21,"column":null}},"8":{"start":{"line":24,"column":2},"end":{"line":24,"column":null}},"9":{"start":{"line":27,"column":2},"end":{"line":27,"column":null}},"10":{"start":{"line":30,"column":2},"end":{"line":30,"column":null}},"11":{"start":{"line":33,"column":2},"end":{"line":33,"column":null}},"12":{"start":{"line":36,"column":2},"end":{"line":36,"column":null}},"13":{"start":{"line":39,"column":2},"end":{"line":39,"column":null}},"14":{"start":{"line":42,"column":2},"end":{"line":42,"column":null}},"15":{"start":{"line":4,"column":13},"end":{"line":43,"column":null}},"16":{"start":{"line":4,"column":13},"end":{"line":4,"column":21}}},"fnMap":{},"branchMap":{},"s":{"0":16,"1":16,"2":16,"3":16,"4":16,"5":16,"6":16,"7":16,"8":16,"9":16,"10":16,"11":16,"12":16,"13":16,"14":16,"15":16,"16":16},"f":{},"b":{}}
,"/Users/andersonluizpereira/typescript/journal/src/infra/db/typeorm/entities/log.ts": {"path":"/Users/andersonluizpereira/typescript/journal/src/infra/db/typeorm/entities/log.ts","statementMap":{"0":{"start":{"line":1,"column":0},"end":{"line":1,"column":64}},"1":{"start":{"line":4,"column":0},"end":{"line":13,"column":null}},"2":{"start":{"line":6,"column":2},"end":{"line":6,"column":null}},"3":{"start":{"line":9,"column":2},"end":{"line":9,"column":null}},"4":{"start":{"line":12,"column":2},"end":{"line":12,"column":null}},"5":{"start":{"line":4,"column":13},"end":{"line":13,"column":null}},"6":{"start":{"line":4,"column":13},"end":{"line":4,"column":16}}},"fnMap":{},"branchMap":{},"s":{"0":16,"1":16,"2":16,"3":16,"4":16,"5":16,"6":16},"f":{},"b":{}}
,"/Users/andersonluizpereira/typescript/journal/src/infra/db/typeorm/entities/product.ts": {"path":"/Users/andersonluizpereira/typescript/journal/src/infra/db/typeorm/entities/product.ts","statementMap":{"0":{"start":{"line":1,"column":0},"end":{"line":1,"column":64}},"1":{"start":{"line":4,"column":0},"end":{"line":61,"column":null}},"2":{"start":{"line":6,"column":2},"end":{"line":6,"column":null}},"3":{"start":{"line":9,"column":2},"end":{"line":9,"column":null}},"4":{"start":{"line":12,"column":2},"end":{"line":12,"column":null}},"5":{"start":{"line":15,"column":2},"end":{"line":15,"column":null}},"6":{"start":{"line":18,"column":2},"end":{"line":18,"column":null}},"7":{"start":{"line":21,"column":2},"end":{"line":21,"column":null}},"8":{"start":{"line":24,"column":2},"end":{"line":24,"column":null}},"9":{"start":{"line":27,"column":2},"end":{"line":27,"column":null}},"10":{"start":{"line":30,"column":2},"end":{"line":30,"column":null}},"11":{"start":{"line":33,"column":2},"end":{"line":33,"column":null}},"12":{"start":{"line":36,"column":2},"end":{"line":36,"column":null}},"13":{"start":{"line":39,"column":2},"end":{"line":39,"column":null}},"14":{"start":{"line":42,"column":2},"end":{"line":42,"column":null}},"15":{"start":{"line":45,"column":2},"end":{"line":45,"column":null}},"16":{"start":{"line":48,"column":2},"end":{"line":48,"column":null}},"17":{"start":{"line":51,"column":2},"end":{"line":51,"column":null}},"18":{"start":{"line":54,"column":2},"end":{"line":54,"column":null}},"19":{"start":{"line":57,"column":2},"end":{"line":57,"column":null}},"20":{"start":{"line":60,"column":2},"end":{"line":60,"column":null}},"21":{"start":{"line":4,"column":13},"end":{"line":61,"column":null}},"22":{"start":{"line":4,"column":13},"end":{"line":4,"column":20}}},"fnMap":{},"branchMap":{},"s":{"0":16,"1":16,"2":16,"3":16,"4":16,"5":16,"6":16,"7":16,"8":16,"9":16,"10":16,"11":16,"12":16,"13":16,"14":16,"15":16,"16":16,"17":16,"18":16,"19":16,"20":16,"21":16,"22":16},"f":{},"b":{}}
,"/Users/andersonluizpereira/typescript/journal/src/infra/db/typeorm/repositories/account/accountsRepository.ts": {"path":"/Users/andersonluizpereira/typescript/journal/src/infra/db/typeorm/repositories/account/accountsRepository.ts","statementMap":{"0":{"start":{"line":4,"column":0},"end":{"line":4,"column":51}},"1":{"start":{"line":5,"column":0},"end":{"line":5,"column":61}},"2":{"start":{"line":12,"column":4},"end":{"line":12,"column":null}},"3":{"start":{"line":16,"column":20},"end":{"line":20,"column":6}},"4":{"start":{"line":21,"column":4},"end":{"line":24,"column":null}},"5":{"start":{"line":28,"column":20},"end":{"line":28,"column":56}},"6":{"start":{"line":29,"column":4},"end":{"line":29,"column":null}},"7":{"start":{"line":30,"column":4},"end":{"line":30,"column":null}},"8":{"start":{"line":34,"column":20},"end":{"line":38,"column":6}},"9":{"start":{"line":39,"column":4},"end":{"line":39,"column":null}},"10":{"start":{"line":43,"column":20},"end":{"line":47,"column":17}},"11":{"start":{"line":48,"column":4},"end":{"line":48,"column":null}},"12":{"start":{"line":7,"column":0},"end":{"line":7,"column":13}}},"fnMap":{"0":{"name":"(anonymous_0)","decl":{"start":{"line":11,"column":2},"end":{"line":11,"column":null}},"loc":{"start":{"line":11,"column":2},"end":{"line":13,"column":3}}},"1":{"name":"(anonymous_1)","decl":{"start":{"line":15,"column":2},"end":{"line":15,"column":7}},"loc":{"start":{"line":15,"column":52},"end":{"line":25,"column":3}}},"2":{"name":"(anonymous_2)","decl":{"start":{"line":27,"column":2},"end":{"line":27,"column":7}},"loc":{"start":{"line":27,"column":35},"end":{"line":31,"column":3}}},"3":{"name":"(anonymous_3)","decl":{"start":{"line":33,"column":2},"end":{"line":33,"column":7}},"loc":{"start":{"line":33,"column":34},"end":{"line":40,"column":3}}},"4":{"name":"(anonymous_4)","decl":{"start":{"line":42,"column":2},"end":{"line":42,"column":7}},"loc":{"start":{"line":42,"column":49},"end":{"line":49,"column":3}}}},"branchMap":{"0":{"loc":{"start":{"line":39,"column":11},"end":{"line":39,"column":18}},"type":"binary-expr","locations":[{"start":{"line":39,"column":11},"end":{"line":39,"column":18}},{"start":{"line":39,"column":22},"end":{"line":39,"column":26}}]}},"s":{"0":12,"1":12,"2":52,"3":3,"4":3,"5":6,"6":6,"7":6,"8":9,"9":9,"10":17,"11":17,"12":12},"f":{"0":52,"1":3,"2":6,"3":9,"4":17},"b":{"0":[9,3]}}
,"/Users/andersonluizpereira/typescript/journal/src/infra/db/typeorm/repositories/brand/brandsRepository.ts": {"path":"/Users/andersonluizpereira/typescript/journal/src/infra/db/typeorm/repositories/brand/brandsRepository.ts","statementMap":{"0":{"start":{"line":7,"column":0},"end":{"line":7,"column":51}},"1":{"start":{"line":8,"column":0},"end":{"line":8,"column":44}},"2":{"start":{"line":14,"column":4},"end":{"line":14,"column":null}},"3":{"start":{"line":18,"column":4},"end":{"line":19,"column":null}},"4":{"start":{"line":23,"column":18},"end":{"line":27,"column":6}},"5":{"start":{"line":28,"column":4},"end":{"line":28,"column":null}},"6":{"start":{"line":32,"column":18},"end":{"line":32,"column":52}},"7":{"start":{"line":33,"column":4},"end":{"line":33,"column":null}},"8":{"start":{"line":37,"column":18},"end":{"line":41,"column":6}},"9":{"start":{"line":42,"column":4},"end":{"line":42,"column":null}},"10":{"start":{"line":46,"column":4},"end":{"line":46,"column":null}},"11":{"start":{"line":47,"column":4},"end":{"line":47,"column":null}},"12":{"start":{"line":10,"column":0},"end":{"line":10,"column":13}}},"fnMap":{"0":{"name":"(anonymous_0)","decl":{"start":{"line":13,"column":2},"end":{"line":13,"column":null}},"loc":{"start":{"line":13,"column":2},"end":{"line":15,"column":3}}},"1":{"name":"(anonymous_1)","decl":{"start":{"line":17,"column":2},"end":{"line":17,"column":7}},"loc":{"start":{"line":17,"column":35},"end":{"line":20,"column":3}}},"2":{"name":"(anonymous_2)","decl":{"start":{"line":22,"column":2},"end":{"line":22,"column":7}},"loc":{"start":{"line":22,"column":28},"end":{"line":29,"column":3}}},"3":{"name":"(anonymous_3)","decl":{"start":{"line":31,"column":2},"end":{"line":31,"column":7}},"loc":{"start":{"line":31,"column":33},"end":{"line":34,"column":3}}},"4":{"name":"(anonymous_4)","decl":{"start":{"line":36,"column":2},"end":{"line":36,"column":7}},"loc":{"start":{"line":36,"column":30},"end":{"line":43,"column":3}}},"5":{"name":"(anonymous_5)","decl":{"start":{"line":45,"column":2},"end":{"line":45,"column":7}},"loc":{"start":{"line":45,"column":33},"end":{"line":48,"column":3}}}},"branchMap":{},"s":{"0":12,"1":12,"2":94,"3":2,"4":6,"5":6,"6":7,"7":7,"8":2,"9":2,"10":2,"11":2,"12":12},"f":{"0":94,"1":2,"2":6,"3":7,"4":2,"5":2},"b":{}}
,"/Users/andersonluizpereira/typescript/journal/src/infra/db/typeorm/repositories/category/categorysRepository.ts": {"path":"/Users/andersonluizpereira/typescript/journal/src/infra/db/typeorm/repositories/category/categorysRepository.ts","statementMap":{"0":{"start":{"line":7,"column":0},"end":{"line":7,"column":51}},"1":{"start":{"line":8,"column":0},"end":{"line":8,"column":50}},"2":{"start":{"line":14,"column":4},"end":{"line":14,"column":null}},"3":{"start":{"line":18,"column":4},"end":{"line":19,"column":null}},"4":{"start":{"line":23,"column":21},"end":{"line":27,"column":6}},"5":{"start":{"line":28,"column":4},"end":{"line":28,"column":null}},"6":{"start":{"line":32,"column":21},"end":{"line":32,"column":58}},"7":{"start":{"line":33,"column":4},"end":{"line":33,"column":null}},"8":{"start":{"line":37,"column":21},"end":{"line":41,"column":6}},"9":{"start":{"line":42,"column":4},"end":{"line":42,"column":null}},"10":{"start":{"line":46,"column":4},"end":{"line":46,"column":null}},"11":{"start":{"line":47,"column":4},"end":{"line":47,"column":null}},"12":{"start":{"line":10,"column":0},"end":{"line":10,"column":13}}},"fnMap":{"0":{"name":"(anonymous_0)","decl":{"start":{"line":13,"column":2},"end":{"line":13,"column":null}},"loc":{"start":{"line":13,"column":2},"end":{"line":15,"column":3}}},"1":{"name":"(anonymous_1)","decl":{"start":{"line":17,"column":2},"end":{"line":17,"column":7}},"loc":{"start":{"line":17,"column":36},"end":{"line":20,"column":3}}},"2":{"name":"(anonymous_2)","decl":{"start":{"line":22,"column":2},"end":{"line":22,"column":7}},"loc":{"start":{"line":22,"column":28},"end":{"line":29,"column":3}}},"3":{"name":"(anonymous_3)","decl":{"start":{"line":31,"column":2},"end":{"line":31,"column":7}},"loc":{"start":{"line":31,"column":36},"end":{"line":34,"column":3}}},"4":{"name":"(anonymous_4)","decl":{"start":{"line":36,"column":2},"end":{"line":36,"column":7}},"loc":{"start":{"line":36,"column":30},"end":{"line":43,"column":3}}},"5":{"name":"(anonymous_5)","decl":{"start":{"line":45,"column":2},"end":{"line":45,"column":7}},"loc":{"start":{"line":45,"column":39},"end":{"line":48,"column":3}}}},"branchMap":{},"s":{"0":12,"1":12,"2":83,"3":3,"4":5,"5":5,"6":7,"7":7,"8":2,"9":2,"10":2,"11":2,"12":12},"f":{"0":83,"1":3,"2":5,"3":7,"4":2,"5":2},"b":{}}
,"/Users/andersonluizpereira/typescript/journal/src/infra/db/typeorm/repositories/log/log-repository.ts": {"path":"/Users/andersonluizpereira/typescript/journal/src/infra/db/typeorm/repositories/log/log-repository.ts","statementMap":{"0":{"start":{"line":2,"column":0},"end":{"line":2,"column":51}},"1":{"start":{"line":3,"column":0},"end":{"line":3,"column":40}},"2":{"start":{"line":10,"column":4},"end":{"line":10,"column":null}},"3":{"start":{"line":14,"column":16},"end":{"line":16,"column":6}},"4":{"start":{"line":17,"column":4},"end":{"line":17,"column":null}},"5":{"start":{"line":5,"column":0},"end":{"line":5,"column":13}}},"fnMap":{"0":{"name":"(anonymous_0)","decl":{"start":{"line":9,"column":2},"end":{"line":9,"column":null}},"loc":{"start":{"line":9,"column":2},"end":{"line":11,"column":3}}},"1":{"name":"(anonymous_1)","decl":{"start":{"line":13,"column":2},"end":{"line":13,"column":7}},"loc":{"start":{"line":13,"column":31},"end":{"line":18,"column":3}}}},"branchMap":{},"s":{"0":12,"1":12,"2":199,"3":1,"4":1,"5":12},"f":{"0":199,"1":1},"b":{}}
,"/Users/andersonluizpereira/typescript/journal/src/infra/db/typeorm/repositories/product/productsRepository.ts": {"path":"/Users/andersonluizpereira/typescript/journal/src/infra/db/typeorm/repositories/product/productsRepository.ts","statementMap":{"0":{"start":{"line":7,"column":0},"end":{"line":7,"column":51}},"1":{"start":{"line":8,"column":0},"end":{"line":8,"column":48}},"2":{"start":{"line":14,"column":4},"end":{"line":14,"column":null}},"3":{"start":{"line":18,"column":4},"end":{"line":19,"column":null}},"4":{"start":{"line":23,"column":20},"end":{"line":27,"column":6}},"5":{"start":{"line":28,"column":4},"end":{"line":28,"column":null}},"6":{"start":{"line":32,"column":20},"end":{"line":36,"column":6}},"7":{"start":{"line":37,"column":4},"end":{"line":37,"column":null}},"8":{"start":{"line":41,"column":20},"end":{"line":41,"column":56}},"9":{"start":{"line":42,"column":4},"end":{"line":42,"column":null}},"10":{"start":{"line":43,"column":4},"end":{"line":43,"column":null}},"11":{"start":{"line":47,"column":20},"end":{"line":51,"column":6}},"12":{"start":{"line":52,"column":4},"end":{"line":52,"column":null}},"13":{"start":{"line":56,"column":4},"end":{"line":56,"column":null}},"14":{"start":{"line":57,"column":4},"end":{"line":57,"column":null}},"15":{"start":{"line":10,"column":0},"end":{"line":10,"column":13}}},"fnMap":{"0":{"name":"(anonymous_0)","decl":{"start":{"line":13,"column":2},"end":{"line":13,"column":null}},"loc":{"start":{"line":13,"column":2},"end":{"line":15,"column":3}}},"1":{"name":"(anonymous_1)","decl":{"start":{"line":17,"column":2},"end":{"line":17,"column":7}},"loc":{"start":{"line":17,"column":35},"end":{"line":20,"column":3}}},"2":{"name":"(anonymous_2)","decl":{"start":{"line":22,"column":2},"end":{"line":22,"column":7}},"loc":{"start":{"line":22,"column":28},"end":{"line":29,"column":3}}},"3":{"name":"(anonymous_3)","decl":{"start":{"line":31,"column":2},"end":{"line":31,"column":7}},"loc":{"start":{"line":31,"column":34},"end":{"line":38,"column":3}}},"4":{"name":"(anonymous_4)","decl":{"start":{"line":40,"column":2},"end":{"line":40,"column":7}},"loc":{"start":{"line":40,"column":35},"end":{"line":44,"column":3}}},"5":{"name":"(anonymous_5)","decl":{"start":{"line":46,"column":2},"end":{"line":46,"column":7}},"loc":{"start":{"line":46,"column":30},"end":{"line":53,"column":3}}},"6":{"name":"(anonymous_6)","decl":{"start":{"line":55,"column":2},"end":{"line":55,"column":7}},"loc":{"start":{"line":55,"column":37},"end":{"line":58,"column":3}}}},"branchMap":{},"s":{"0":12,"1":12,"2":106,"3":3,"4":5,"5":5,"6":2,"7":2,"8":8,"9":8,"10":8,"11":2,"12":2,"13":2,"14":2,"15":12},"f":{"0":106,"1":3,"2":5,"3":2,"4":8,"5":2,"6":2},"b":{}}
,"/Users/andersonluizpereira/typescript/journal/src/infra/email/emailAdapter.ts": {"path":"/Users/andersonluizpereira/typescript/journal/src/infra/email/emailAdapter.ts","statementMap":{"0":{"start":{"line":2,"column":0},"end":{"line":2,"column":52}},"1":{"start":{"line":5,"column":32},"end":{"line":5,"column":51}},"2":{"start":{"line":8,"column":17},"end":{"line":16,"column":6}},"3":{"start":{"line":18,"column":4},"end":{"line":18,"column":null}},"4":{"start":{"line":19,"column":4},"end":{"line":19,"column":null}},"5":{"start":{"line":4,"column":0},"end":{"line":4,"column":13}}},"fnMap":{"0":{"name":"(anonymous_1)","decl":{"start":{"line":5,"column":2},"end":{"line":5,"column":32}},"loc":{"start":{"line":5,"column":51},"end":{"line":5,"column":55}}},"1":{"name":"(anonymous_2)","decl":{"start":{"line":7,"column":2},"end":{"line":7,"column":7}},"loc":{"start":{"line":7,"column":53},"end":{"line":20,"column":3}}}},"branchMap":{},"s":{"0":1,"1":3,"2":3,"3":2,"4":2,"5":1},"f":{"0":3,"1":3},"b":{}}
,"/Users/andersonluizpereira/typescript/journal/src/infra/queue/rabbitmq/rabbitmqAdapter.ts": {"path":"/Users/andersonluizpereira/typescript/journal/src/infra/queue/rabbitmq/rabbitmqAdapter.ts","statementMap":{"0":{"start":{"line":2,"column":0},"end":{"line":2,"column":29}},"1":{"start":{"line":5,"column":32},"end":{"line":5,"column":56}},"2":{"start":{"line":7,"column":23},"end":{"line":7,"column":112}},"3":{"start":{"line":8,"column":20},"end":{"line":8,"column":52}},"4":{"start":{"line":9,"column":25},"end":{"line":9,"column":80}},"5":{"start":{"line":10,"column":4},"end":{"line":10,"column":null}},"6":{"start":{"line":11,"column":4},"end":{"line":11,"column":null}},"7":{"start":{"line":4,"column":0},"end":{"line":4,"column":13}}},"fnMap":{"0":{"name":"(anonymous_1)","decl":{"start":{"line":5,"column":2},"end":{"line":5,"column":32}},"loc":{"start":{"line":5,"column":56},"end":{"line":5,"column":60}}},"1":{"name":"(anonymous_2)","decl":{"start":{"line":6,"column":2},"end":{"line":6,"column":7}},"loc":{"start":{"line":6,"column":59},"end":{"line":12,"column":3}}}},"branchMap":{"0":{"loc":{"start":{"line":7,"column":45},"end":{"line":7,"column":66}},"type":"binary-expr","locations":[{"start":{"line":7,"column":45},"end":{"line":7,"column":66}},{"start":{"line":7,"column":70},"end":{"line":7,"column":111}}]}},"s":{"0":1,"1":2,"2":1,"3":1,"4":1,"5":1,"6":1,"7":1},"f":{"0":2,"1":1},"b":{"0":[1,1]}}
,"/Users/andersonluizpereira/typescript/journal/src/infra/validators/email-validator-adapter.ts": {"path":"/Users/andersonluizpereira/typescript/journal/src/infra/validators/email-validator-adapter.ts","statementMap":{"0":{"start":{"line":2,"column":0},"end":{"line":2,"column":33}},"1":{"start":{"line":5,"column":4},"end":{"line":5,"column":null}},"2":{"start":{"line":3,"column":0},"end":{"line":3,"column":13}}},"fnMap":{"0":{"name":"(anonymous_1)","decl":{"start":{"line":4,"column":2},"end":{"line":4,"column":9}},"loc":{"start":{"line":4,"column":24},"end":{"line":6,"column":3}}}},"branchMap":{},"s":{"0":14,"1":7,"2":14},"f":{"0":7},"b":{}}
,"/Users/andersonluizpereira/typescript/journal/src/presentation/controllers/brand/add-brand/add-brand-controller.ts": {"path":"/Users/andersonluizpereira/typescript/journal/src/presentation/controllers/brand/add-brand/add-brand-controller.ts","statementMap":{"0":{"start":{"line":2,"column":0},"end":{"line":2,"column":92}},"1":{"start":{"line":6,"column":21},"end":{"line":6,"column":43}},"2":{"start":{"line":7,"column":21},"end":{"line":7,"column":39}},"3":{"start":{"line":13,"column":4},"end":{"line":43,"column":null}},"4":{"start":{"line":14,"column":20},"end":{"line":14,"column":62}},"5":{"start":{"line":15,"column":6},"end":{"line":17,"column":null}},"6":{"start":{"line":16,"column":8},"end":{"line":16,"column":null}},"7":{"start":{"line":28,"column":10},"end":{"line":28,"column":26}},"8":{"start":{"line":29,"column":6},"end":{"line":39,"column":null}},"9":{"start":{"line":40,"column":6},"end":{"line":40,"column":null}},"10":{"start":{"line":42,"column":6},"end":{"line":42,"column":null}},"11":{"start":{"line":4,"column":0},"end":{"line":4,"column":13}}},"fnMap":{"0":{"name":"(anonymous_0)","decl":{"start":{"line":5,"column":2},"end":{"line":5,"column":null}},"loc":{"start":{"line":7,"column":39},"end":{"line":10,"column":3}}},"1":{"name":"(anonymous_1)","decl":{"start":{"line":12,"column":2},"end":{"line":12,"column":7}},"loc":{"start":{"line":12,"column":40},"end":{"line":44,"column":3}}}},"branchMap":{"0":{"loc":{"start":{"line":15,"column":6},"end":{"line":17,"column":null}},"type":"if","locations":[{"start":{"line":15,"column":6},"end":{"line":17,"column":null}},{"start":{"line":15,"column":6},"end":{"line":17,"column":null}}]}},"s":{"0":12,"1":16,"2":16,"3":6,"4":6,"5":6,"6":1,"7":5,"8":5,"9":4,"10":1,"11":12},"f":{"0":16,"1":6},"b":{"0":[1,5]}}
,"/Users/andersonluizpereira/typescript/journal/src/presentation/controllers/brand/load-brands/load-brands-controller.ts": {"path":"/Users/andersonluizpereira/typescript/journal/src/presentation/controllers/brand/load-brands/load-brands-controller.ts","statementMap":{"0":{"start":{"line":1,"column":0},"end":{"line":1,"column":84}},"1":{"start":{"line":5,"column":32},"end":{"line":5,"column":53}},"2":{"start":{"line":7,"column":4},"end":{"line":12,"column":null}},"3":{"start":{"line":8,"column":21},"end":{"line":8,"column":48}},"4":{"start":{"line":9,"column":6},"end":{"line":9,"column":null}},"5":{"start":{"line":11,"column":6},"end":{"line":11,"column":null}},"6":{"start":{"line":4,"column":0},"end":{"line":4,"column":13}}},"fnMap":{"0":{"name":"(anonymous_0)","decl":{"start":{"line":5,"column":2},"end":{"line":5,"column":32}},"loc":{"start":{"line":5,"column":53},"end":{"line":5,"column":57}}},"1":{"name":"(anonymous_1)","decl":{"start":{"line":6,"column":2},"end":{"line":6,"column":7}},"loc":{"start":{"line":6,"column":40},"end":{"line":13,"column":3}}}},"branchMap":{"0":{"loc":{"start":{"line":9,"column":29},"end":{"line":9,"column":39}},"type":"cond-expr","locations":[{"start":{"line":9,"column":29},"end":{"line":9,"column":39}},{"start":{"line":9,"column":42},"end":{"line":9,"column":53}}]}},"s":{"0":12,"1":15,"2":4,"3":4,"4":3,"5":1,"6":12},"f":{"0":15,"1":4},"b":{"0":[2,1]}}
,"/Users/andersonluizpereira/typescript/journal/src/presentation/controllers/brand/load-brands-result/load-brands-result-controller.ts": {"path":"/Users/andersonluizpereira/typescript/journal/src/presentation/controllers/brand/load-brands-result/load-brands-result-controller.ts","statementMap":{"0":{"start":{"line":1,"column":0},"end":{"line":1,"column":84}},"1":{"start":{"line":2,"column":0},"end":{"line":2,"column":57}},"2":{"start":{"line":6,"column":32},"end":{"line":6,"column":60}},"3":{"start":{"line":7,"column":21},"end":{"line":7,"column":48}},"4":{"start":{"line":10,"column":4},"end":{"line":19,"column":null}},"5":{"start":{"line":11,"column":26},"end":{"line":11,"column":44}},"6":{"start":{"line":12,"column":20},"end":{"line":12,"column":62}},"7":{"start":{"line":13,"column":6},"end":{"line":15,"column":null}},"8":{"start":{"line":14,"column":8},"end":{"line":14,"column":null}},"9":{"start":{"line":16,"column":6},"end":{"line":16,"column":null}},"10":{"start":{"line":18,"column":6},"end":{"line":18,"column":null}},"11":{"start":{"line":5,"column":0},"end":{"line":5,"column":13}}},"fnMap":{"0":{"name":"(anonymous_0)","decl":{"start":{"line":6,"column":2},"end":{"line":6,"column":32}},"loc":{"start":{"line":7,"column":48},"end":{"line":7,"column":52}}},"1":{"name":"(anonymous_1)","decl":{"start":{"line":9,"column":2},"end":{"line":9,"column":7}},"loc":{"start":{"line":9,"column":40},"end":{"line":20,"column":3}}}},"branchMap":{"0":{"loc":{"start":{"line":13,"column":6},"end":{"line":15,"column":null}},"type":"if","locations":[{"start":{"line":13,"column":6},"end":{"line":15,"column":null}},{"start":{"line":13,"column":6},"end":{"line":15,"column":null}}]}},"s":{"0":12,"1":12,"2":17,"3":17,"4":7,"5":7,"6":6,"7":5,"8":1,"9":4,"10":2,"11":12},"f":{"0":17,"1":7},"b":{"0":[1,4]}}
,"/Users/andersonluizpereira/typescript/journal/src/presentation/controllers/brand/remove-brand/remove-brand-controller.ts": {"path":"/Users/andersonluizpereira/typescript/journal/src/presentation/controllers/brand/remove-brand/remove-brand-controller.ts","statementMap":{"0":{"start":{"line":2,"column":0},"end":{"line":2,"column":62}},"1":{"start":{"line":3,"column":0},"end":{"line":3,"column":91}},"2":{"start":{"line":7,"column":32},"end":{"line":7,"column":56}},"3":{"start":{"line":8,"column":21},"end":{"line":8,"column":49}},"4":{"start":{"line":11,"column":4},"end":{"line":21,"column":null}},"5":{"start":{"line":12,"column":26},"end":{"line":12,"column":44}},"6":{"start":{"line":13,"column":20},"end":{"line":13,"column":62}},"7":{"start":{"line":14,"column":6},"end":{"line":16,"column":null}},"8":{"start":{"line":15,"column":8},"end":{"line":15,"column":null}},"9":{"start":{"line":17,"column":6},"end":{"line":17,"column":null}},"10":{"start":{"line":18,"column":6},"end":{"line":18,"column":null}},"11":{"start":{"line":20,"column":6},"end":{"line":20,"column":null}},"12":{"start":{"line":6,"column":0},"end":{"line":6,"column":13}}},"fnMap":{"0":{"name":"(anonymous_0)","decl":{"start":{"line":7,"column":2},"end":{"line":7,"column":32}},"loc":{"start":{"line":8,"column":49},"end":{"line":8,"column":53}}},"1":{"name":"(anonymous_1)","decl":{"start":{"line":10,"column":2},"end":{"line":10,"column":7}},"loc":{"start":{"line":10,"column":40},"end":{"line":22,"column":3}}}},"branchMap":{"0":{"loc":{"start":{"line":14,"column":6},"end":{"line":16,"column":null}},"type":"if","locations":[{"start":{"line":14,"column":6},"end":{"line":16,"column":null}},{"start":{"line":14,"column":6},"end":{"line":16,"column":null}}]}},"s":{"0":12,"1":12,"2":15,"3":15,"4":5,"5":5,"6":5,"7":5,"8":1,"9":4,"10":3,"11":1,"12":12},"f":{"0":15,"1":5},"b":{"0":[1,4]}}
,"/Users/andersonluizpereira/typescript/journal/src/presentation/controllers/brand/update-brand/update-brand-controller.ts": {"path":"/Users/andersonluizpereira/typescript/journal/src/presentation/controllers/brand/update-brand/update-brand-controller.ts","statementMap":{"0":{"start":{"line":1,"column":0},"end":{"line":1,"column":62}},"1":{"start":{"line":2,"column":0},"end":{"line":2,"column":96}},"2":{"start":{"line":6,"column":32},"end":{"line":6,"column":62}},"3":{"start":{"line":7,"column":21},"end":{"line":7,"column":49}},"4":{"start":{"line":8,"column":21},"end":{"line":8,"column":43}},"5":{"start":{"line":11,"column":4},"end":{"line":25,"column":null}},"6":{"start":{"line":12,"column":20},"end":{"line":12,"column":62}},"7":{"start":{"line":13,"column":6},"end":{"line":15,"column":null}},"8":{"start":{"line":14,"column":8},"end":{"line":14,"column":null}},"9":{"start":{"line":16,"column":21},"end":{"line":16,"column":75}},"10":{"start":{"line":17,"column":6},"end":{"line":20,"column":null}},"11":{"start":{"line":18,"column":8},"end":{"line":18,"column":null}},"12":{"start":{"line":19,"column":8},"end":{"line":19,"column":null}},"13":{"start":{"line":21,"column":20},"end":{"line":21,"column":67}},"14":{"start":{"line":22,"column":6},"end":{"line":22,"column":null}},"15":{"start":{"line":24,"column":6},"end":{"line":24,"column":null}},"16":{"start":{"line":5,"column":0},"end":{"line":5,"column":13}}},"fnMap":{"0":{"name":"(anonymous_0)","decl":{"start":{"line":6,"column":2},"end":{"line":6,"column":32}},"loc":{"start":{"line":8,"column":43},"end":{"line":8,"column":47}}},"1":{"name":"(anonymous_1)","decl":{"start":{"line":10,"column":2},"end":{"line":10,"column":7}},"loc":{"start":{"line":10,"column":40},"end":{"line":26,"column":3}}}},"branchMap":{"0":{"loc":{"start":{"line":13,"column":6},"end":{"line":15,"column":null}},"type":"if","locations":[{"start":{"line":13,"column":6},"end":{"line":15,"column":null}},{"start":{"line":13,"column":6},"end":{"line":15,"column":null}}]},"1":{"loc":{"start":{"line":17,"column":6},"end":{"line":20,"column":null}},"type":"if","locations":[{"start":{"line":17,"column":6},"end":{"line":20,"column":null}},{"start":{"line":17,"column":6},"end":{"line":20,"column":null}}]}},"s":{"0":12,"1":12,"2":16,"3":16,"4":16,"5":6,"6":6,"7":6,"8":1,"9":5,"10":5,"11":1,"12":1,"13":4,"14":3,"15":1,"16":12},"f":{"0":16,"1":6},"b":{"0":[1,5],"1":[1,4]}}
,"/Users/andersonluizpereira/typescript/journal/src/presentation/controllers/category/add-category/add-category-controller.ts": {"path":"/Users/andersonluizpereira/typescript/journal/src/presentation/controllers/category/add-category/add-category-controller.ts","statementMap":{"0":{"start":{"line":2,"column":0},"end":{"line":2,"column":92}},"1":{"start":{"line":7,"column":21},"end":{"line":7,"column":43}},"2":{"start":{"line":8,"column":21},"end":{"line":8,"column":45}},"3":{"start":{"line":14,"column":4},"end":{"line":23,"column":null}},"4":{"start":{"line":15,"column":20},"end":{"line":15,"column":62}},"5":{"start":{"line":16,"column":6},"end":{"line":18,"column":null}},"6":{"start":{"line":17,"column":8},"end":{"line":17,"column":null}},"7":{"start":{"line":19,"column":6},"end":{"line":19,"column":null}},"8":{"start":{"line":20,"column":6},"end":{"line":20,"column":null}},"9":{"start":{"line":22,"column":6},"end":{"line":22,"column":null}},"10":{"start":{"line":5,"column":0},"end":{"line":5,"column":13}}},"fnMap":{"0":{"name":"(anonymous_0)","decl":{"start":{"line":6,"column":2},"end":{"line":6,"column":null}},"loc":{"start":{"line":8,"column":45},"end":{"line":11,"column":3}}},"1":{"name":"(anonymous_1)","decl":{"start":{"line":13,"column":2},"end":{"line":13,"column":7}},"loc":{"start":{"line":13,"column":40},"end":{"line":24,"column":3}}}},"branchMap":{"0":{"loc":{"start":{"line":16,"column":6},"end":{"line":18,"column":null}},"type":"if","locations":[{"start":{"line":16,"column":6},"end":{"line":18,"column":null}},{"start":{"line":16,"column":6},"end":{"line":18,"column":null}}]}},"s":{"0":12,"1":16,"2":16,"3":6,"4":6,"5":6,"6":1,"7":5,"8":4,"9":1,"10":12},"f":{"0":16,"1":6},"b":{"0":[1,5]}}
,"/Users/andersonluizpereira/typescript/journal/src/presentation/controllers/category/load-categorys/load-categorys-controller.ts": {"path":"/Users/andersonluizpereira/typescript/journal/src/presentation/controllers/category/load-categorys/load-categorys-controller.ts","statementMap":{"0":{"start":{"line":1,"column":0},"end":{"line":1,"column":84}},"1":{"start":{"line":5,"column":32},"end":{"line":5,"column":59}},"2":{"start":{"line":7,"column":4},"end":{"line":12,"column":null}},"3":{"start":{"line":8,"column":24},"end":{"line":8,"column":54}},"4":{"start":{"line":9,"column":6},"end":{"line":9,"column":null}},"5":{"start":{"line":11,"column":6},"end":{"line":11,"column":null}},"6":{"start":{"line":4,"column":0},"end":{"line":4,"column":13}}},"fnMap":{"0":{"name":"(anonymous_0)","decl":{"start":{"line":5,"column":2},"end":{"line":5,"column":32}},"loc":{"start":{"line":5,"column":59},"end":{"line":5,"column":63}}},"1":{"name":"(anonymous_1)","decl":{"start":{"line":6,"column":2},"end":{"line":6,"column":7}},"loc":{"start":{"line":6,"column":40},"end":{"line":13,"column":3}}}},"branchMap":{"0":{"loc":{"start":{"line":9,"column":32},"end":{"line":9,"column":45}},"type":"cond-expr","locations":[{"start":{"line":9,"column":32},"end":{"line":9,"column":45}},{"start":{"line":9,"column":48},"end":{"line":9,"column":59}}]}},"s":{"0":12,"1":26,"2":5,"3":5,"4":4,"5":1,"6":12},"f":{"0":26,"1":5},"b":{"0":[3,1]}}
,"/Users/andersonluizpereira/typescript/journal/src/presentation/controllers/category/load-categorys-result/load-categorys-result-controller.ts": {"path":"/Users/andersonluizpereira/typescript/journal/src/presentation/controllers/category/load-categorys-result/load-categorys-result-controller.ts","statementMap":{"0":{"start":{"line":1,"column":0},"end":{"line":1,"column":84}},"1":{"start":{"line":2,"column":0},"end":{"line":2,"column":57}},"2":{"start":{"line":8,"column":32},"end":{"line":8,"column":66}},"3":{"start":{"line":9,"column":21},"end":{"line":9,"column":54}},"4":{"start":{"line":12,"column":4},"end":{"line":21,"column":null}},"5":{"start":{"line":13,"column":29},"end":{"line":13,"column":47}},"6":{"start":{"line":14,"column":23},"end":{"line":14,"column":71}},"7":{"start":{"line":15,"column":6},"end":{"line":17,"column":null}},"8":{"start":{"line":16,"column":8},"end":{"line":16,"column":null}},"9":{"start":{"line":18,"column":6},"end":{"line":18,"column":null}},"10":{"start":{"line":20,"column":6},"end":{"line":20,"column":null}},"11":{"start":{"line":7,"column":0},"end":{"line":7,"column":13}}},"fnMap":{"0":{"name":"(anonymous_0)","decl":{"start":{"line":8,"column":2},"end":{"line":8,"column":32}},"loc":{"start":{"line":9,"column":54},"end":{"line":9,"column":58}}},"1":{"name":"(anonymous_1)","decl":{"start":{"line":11,"column":2},"end":{"line":11,"column":7}},"loc":{"start":{"line":11,"column":40},"end":{"line":22,"column":3}}}},"branchMap":{"0":{"loc":{"start":{"line":15,"column":6},"end":{"line":17,"column":null}},"type":"if","locations":[{"start":{"line":15,"column":6},"end":{"line":17,"column":null}},{"start":{"line":15,"column":6},"end":{"line":17,"column":null}}]}},"s":{"0":1,"1":1,"2":6,"3":6,"4":6,"5":6,"6":5,"7":4,"8":1,"9":3,"10":2,"11":1},"f":{"0":6,"1":6},"b":{"0":[1,3]}}
,"/Users/andersonluizpereira/typescript/journal/src/presentation/controllers/category/remove-category/remove-category-controller.ts": {"path":"/Users/andersonluizpereira/typescript/journal/src/presentation/controllers/category/remove-category/remove-category-controller.ts","statementMap":{"0":{"start":{"line":2,"column":0},"end":{"line":2,"column":62}},"1":{"start":{"line":3,"column":0},"end":{"line":3,"column":91}},"2":{"start":{"line":7,"column":32},"end":{"line":7,"column":62}},"3":{"start":{"line":8,"column":21},"end":{"line":8,"column":55}},"4":{"start":{"line":11,"column":4},"end":{"line":21,"column":null}},"5":{"start":{"line":12,"column":29},"end":{"line":12,"column":47}},"6":{"start":{"line":13,"column":23},"end":{"line":13,"column":71}},"7":{"start":{"line":14,"column":6},"end":{"line":16,"column":null}},"8":{"start":{"line":15,"column":8},"end":{"line":15,"column":null}},"9":{"start":{"line":17,"column":6},"end":{"line":17,"column":null}},"10":{"start":{"line":18,"column":6},"end":{"line":18,"column":null}},"11":{"start":{"line":20,"column":6},"end":{"line":20,"column":null}},"12":{"start":{"line":6,"column":0},"end":{"line":6,"column":13}}},"fnMap":{"0":{"name":"(anonymous_0)","decl":{"start":{"line":7,"column":2},"end":{"line":7,"column":32}},"loc":{"start":{"line":8,"column":55},"end":{"line":8,"column":59}}},"1":{"name":"(anonymous_1)","decl":{"start":{"line":10,"column":2},"end":{"line":10,"column":7}},"loc":{"start":{"line":10,"column":40},"end":{"line":22,"column":3}}}},"branchMap":{"0":{"loc":{"start":{"line":14,"column":6},"end":{"line":16,"column":null}},"type":"if","locations":[{"start":{"line":14,"column":6},"end":{"line":16,"column":null}},{"start":{"line":14,"column":6},"end":{"line":16,"column":null}}]}},"s":{"0":12,"1":12,"2":15,"3":15,"4":5,"5":5,"6":5,"7":5,"8":1,"9":4,"10":3,"11":1,"12":12},"f":{"0":15,"1":5},"b":{"0":[1,4]}}
,"/Users/andersonluizpereira/typescript/journal/src/presentation/controllers/category/update-category/update-category-controller.ts": {"path":"/Users/andersonluizpereira/typescript/journal/src/presentation/controllers/category/update-category/update-category-controller.ts","statementMap":{"0":{"start":{"line":1,"column":0},"end":{"line":1,"column":62}},"1":{"start":{"line":2,"column":0},"end":{"line":2,"column":96}},"2":{"start":{"line":6,"column":32},"end":{"line":6,"column":68}},"3":{"start":{"line":7,"column":21},"end":{"line":7,"column":55}},"4":{"start":{"line":8,"column":21},"end":{"line":8,"column":43}},"5":{"start":{"line":11,"column":4},"end":{"line":25,"column":null}},"6":{"start":{"line":12,"column":20},"end":{"line":12,"column":62}},"7":{"start":{"line":13,"column":6},"end":{"line":15,"column":null}},"8":{"start":{"line":14,"column":8},"end":{"line":14,"column":null}},"9":{"start":{"line":16,"column":24},"end":{"line":16,"column":81}},"10":{"start":{"line":17,"column":6},"end":{"line":20,"column":null}},"11":{"start":{"line":18,"column":8},"end":{"line":18,"column":null}},"12":{"start":{"line":19,"column":8},"end":{"line":19,"column":null}},"13":{"start":{"line":21,"column":23},"end":{"line":21,"column":73}},"14":{"start":{"line":22,"column":6},"end":{"line":22,"column":null}},"15":{"start":{"line":24,"column":6},"end":{"line":24,"column":null}},"16":{"start":{"line":5,"column":0},"end":{"line":5,"column":13}}},"fnMap":{"0":{"name":"(anonymous_0)","decl":{"start":{"line":6,"column":2},"end":{"line":6,"column":32}},"loc":{"start":{"line":8,"column":43},"end":{"line":8,"column":47}}},"1":{"name":"(anonymous_1)","decl":{"start":{"line":10,"column":2},"end":{"line":10,"column":7}},"loc":{"start":{"line":10,"column":40},"end":{"line":26,"column":3}}}},"branchMap":{"0":{"loc":{"start":{"line":13,"column":6},"end":{"line":15,"column":null}},"type":"if","locations":[{"start":{"line":13,"column":6},"end":{"line":15,"column":null}},{"start":{"line":13,"column":6},"end":{"line":15,"column":null}}]},"1":{"loc":{"start":{"line":17,"column":6},"end":{"line":20,"column":null}},"type":"if","locations":[{"start":{"line":17,"column":6},"end":{"line":20,"column":null}},{"start":{"line":17,"column":6},"end":{"line":20,"column":null}}]}},"s":{"0":12,"1":12,"2":16,"3":16,"4":16,"5":6,"6":6,"7":6,"8":1,"9":5,"10":5,"11":1,"12":1,"13":4,"14":3,"15":1,"16":12},"f":{"0":16,"1":6},"b":{"0":[1,5],"1":[1,4]}}
,"/Users/andersonluizpereira/typescript/journal/src/presentation/controllers/login/login/login-controller.ts": {"path":"/Users/andersonluizpereira/typescript/journal/src/presentation/controllers/login/login/login-controller.ts","statementMap":{"0":{"start":{"line":2,"column":0},"end":{"line":2,"column":99}},"1":{"start":{"line":6,"column":21},"end":{"line":6,"column":51}},"2":{"start":{"line":7,"column":21},"end":{"line":7,"column":43}},"3":{"start":{"line":11,"column":4},"end":{"line":27,"column":null}},"4":{"start":{"line":12,"column":20},"end":{"line":12,"column":62}},"5":{"start":{"line":13,"column":6},"end":{"line":15,"column":null}},"6":{"start":{"line":14,"column":8},"end":{"line":14,"column":null}},"7":{"start":{"line":16,"column":34},"end":{"line":16,"column":50}},"8":{"start":{"line":17,"column":34},"end":{"line":20,"column":8}},"9":{"start":{"line":21,"column":6},"end":{"line":23,"column":null}},"10":{"start":{"line":22,"column":8},"end":{"line":22,"column":null}},"11":{"start":{"line":24,"column":6},"end":{"line":24,"column":null}},"12":{"start":{"line":26,"column":6},"end":{"line":26,"column":null}},"13":{"start":{"line":4,"column":0},"end":{"line":4,"column":13}}},"fnMap":{"0":{"name":"(anonymous_0)","decl":{"start":{"line":5,"column":2},"end":{"line":5,"column":null}},"loc":{"start":{"line":7,"column":43},"end":{"line":8,"column":6}}},"1":{"name":"(anonymous_1)","decl":{"start":{"line":10,"column":2},"end":{"line":10,"column":7}},"loc":{"start":{"line":10,"column":40},"end":{"line":28,"column":3}}}},"branchMap":{"0":{"loc":{"start":{"line":13,"column":6},"end":{"line":15,"column":null}},"type":"if","locations":[{"start":{"line":13,"column":6},"end":{"line":15,"column":null}},{"start":{"line":13,"column":6},"end":{"line":15,"column":null}}]},"1":{"loc":{"start":{"line":21,"column":6},"end":{"line":23,"column":null}},"type":"if","locations":[{"start":{"line":21,"column":6},"end":{"line":23,"column":null}},{"start":{"line":21,"column":6},"end":{"line":23,"column":null}}]}},"s":{"0":12,"1":17,"2":17,"3":8,"4":8,"5":8,"6":1,"7":7,"8":7,"9":6,"10":2,"11":4,"12":1,"13":12},"f":{"0":17,"1":8},"b":{"0":[1,7],"1":[2,4]}}
,"/Users/andersonluizpereira/typescript/journal/src/presentation/controllers/login/signup/signup-controller.ts": {"path":"/Users/andersonluizpereira/typescript/journal/src/presentation/controllers/login/signup/signup-controller.ts","statementMap":{"0":{"start":{"line":2,"column":0},"end":{"line":2,"column":96}},"1":{"start":{"line":3,"column":0},"end":{"line":3,"column":55}},"2":{"start":{"line":9,"column":21},"end":{"line":9,"column":43}},"3":{"start":{"line":10,"column":21},"end":{"line":10,"column":43}},"4":{"start":{"line":11,"column":21},"end":{"line":11,"column":51}},"5":{"start":{"line":16,"column":4},"end":{"line":38,"column":null}},"6":{"start":{"line":17,"column":20},"end":{"line":17,"column":62}},"7":{"start":{"line":18,"column":6},"end":{"line":20,"column":null}},"8":{"start":{"line":19,"column":8},"end":{"line":19,"column":null}},"9":{"start":{"line":22,"column":40},"end":{"line":22,"column":56}},"10":{"start":{"line":23,"column":22},"end":{"line":27,"column":8}},"11":{"start":{"line":28,"column":6},"end":{"line":30,"column":null}},"12":{"start":{"line":29,"column":8},"end":{"line":29,"column":null}},"13":{"start":{"line":31,"column":34},"end":{"line":34,"column":8}},"14":{"start":{"line":35,"column":6},"end":{"line":35,"column":null}},"15":{"start":{"line":37,"column":6},"end":{"line":37,"column":null}},"16":{"start":{"line":4,"column":0},"end":{"line":4,"column":13}}},"fnMap":{"0":{"name":"(anonymous_0)","decl":{"start":{"line":8,"column":2},"end":{"line":8,"column":null}},"loc":{"start":{"line":11,"column":51},"end":{"line":13,"column":3}}},"1":{"name":"(anonymous_1)","decl":{"start":{"line":15,"column":2},"end":{"line":15,"column":7}},"loc":{"start":{"line":15,"column":40},"end":{"line":39,"column":3}}}},"branchMap":{"0":{"loc":{"start":{"line":18,"column":6},"end":{"line":20,"column":null}},"type":"if","locations":[{"start":{"line":18,"column":6},"end":{"line":20,"column":null}},{"start":{"line":18,"column":6},"end":{"line":20,"column":null}}]},"1":{"loc":{"start":{"line":28,"column":6},"end":{"line":30,"column":null}},"type":"if","locations":[{"start":{"line":28,"column":6},"end":{"line":30,"column":null}},{"start":{"line":28,"column":6},"end":{"line":30,"column":null}}]}},"s":{"0":12,"1":12,"2":19,"3":19,"4":19,"5":10,"6":10,"7":10,"8":1,"9":9,"10":9,"11":8,"12":2,"13":6,"14":5,"15":2,"16":12},"f":{"0":19,"1":10},"b":{"0":[1,9],"1":[2,6]}}
,"/Users/andersonluizpereira/typescript/journal/src/presentation/controllers/product/add-product/add-product-controller.ts": {"path":"/Users/andersonluizpereira/typescript/journal/src/presentation/controllers/product/add-product/add-product-controller.ts","statementMap":{"0":{"start":{"line":2,"column":0},"end":{"line":2,"column":85}},"1":{"start":{"line":7,"column":21},"end":{"line":7,"column":43}},"2":{"start":{"line":8,"column":21},"end":{"line":8,"column":43}},"3":{"start":{"line":14,"column":4},"end":{"line":23,"column":null}},"4":{"start":{"line":15,"column":20},"end":{"line":15,"column":62}},"5":{"start":{"line":16,"column":6},"end":{"line":18,"column":null}},"6":{"start":{"line":17,"column":8},"end":{"line":17,"column":null}},"7":{"start":{"line":19,"column":22},"end":{"line":19,"column":65}},"8":{"start":{"line":20,"column":6},"end":{"line":20,"column":null}},"9":{"start":{"line":22,"column":6},"end":{"line":22,"column":null}},"10":{"start":{"line":5,"column":0},"end":{"line":5,"column":13}}},"fnMap":{"0":{"name":"(anonymous_0)","decl":{"start":{"line":6,"column":2},"end":{"line":6,"column":null}},"loc":{"start":{"line":8,"column":43},"end":{"line":11,"column":3}}},"1":{"name":"(anonymous_1)","decl":{"start":{"line":13,"column":2},"end":{"line":13,"column":7}},"loc":{"start":{"line":13,"column":40},"end":{"line":24,"column":3}}}},"branchMap":{"0":{"loc":{"start":{"line":16,"column":6},"end":{"line":18,"column":null}},"type":"if","locations":[{"start":{"line":16,"column":6},"end":{"line":18,"column":null}},{"start":{"line":16,"column":6},"end":{"line":18,"column":null}}]}},"s":{"0":12,"1":16,"2":16,"3":6,"4":6,"5":6,"6":1,"7":5,"8":4,"9":1,"10":12},"f":{"0":16,"1":6},"b":{"0":[1,5]}}
,"/Users/andersonluizpereira/typescript/journal/src/presentation/controllers/product/load-products/load-products-controller.ts": {"path":"/Users/andersonluizpereira/typescript/journal/src/presentation/controllers/product/load-products/load-products-controller.ts","statementMap":{"0":{"start":{"line":1,"column":0},"end":{"line":1,"column":84}},"1":{"start":{"line":5,"column":32},"end":{"line":5,"column":57}},"2":{"start":{"line":7,"column":4},"end":{"line":12,"column":null}},"3":{"start":{"line":8,"column":23},"end":{"line":8,"column":52}},"4":{"start":{"line":9,"column":6},"end":{"line":9,"column":null}},"5":{"start":{"line":11,"column":6},"end":{"line":11,"column":null}},"6":{"start":{"line":4,"column":0},"end":{"line":4,"column":13}}},"fnMap":{"0":{"name":"(anonymous_0)","decl":{"start":{"line":5,"column":2},"end":{"line":5,"column":32}},"loc":{"start":{"line":5,"column":57},"end":{"line":5,"column":61}}},"1":{"name":"(anonymous_1)","decl":{"start":{"line":6,"column":2},"end":{"line":6,"column":7}},"loc":{"start":{"line":6,"column":40},"end":{"line":13,"column":3}}}},"branchMap":{"0":{"loc":{"start":{"line":9,"column":31},"end":{"line":9,"column":43}},"type":"cond-expr","locations":[{"start":{"line":9,"column":31},"end":{"line":9,"column":43}},{"start":{"line":9,"column":46},"end":{"line":9,"column":57}}]}},"s":{"0":12,"1":26,"2":5,"3":5,"4":4,"5":1,"6":12},"f":{"0":26,"1":5},"b":{"0":[3,1]}}
,"/Users/andersonluizpereira/typescript/journal/src/presentation/controllers/product/load-products-result/load-products-result-controller.ts": {"path":"/Users/andersonluizpereira/typescript/journal/src/presentation/controllers/product/load-products-result/load-products-result-controller.ts","statementMap":{"0":{"start":{"line":1,"column":0},"end":{"line":1,"column":84}},"1":{"start":{"line":2,"column":0},"end":{"line":2,"column":57}},"2":{"start":{"line":8,"column":32},"end":{"line":8,"column":64}},"3":{"start":{"line":9,"column":21},"end":{"line":9,"column":52}},"4":{"start":{"line":12,"column":4},"end":{"line":21,"column":null}},"5":{"start":{"line":13,"column":28},"end":{"line":13,"column":46}},"6":{"start":{"line":14,"column":22},"end":{"line":14,"column":68}},"7":{"start":{"line":15,"column":6},"end":{"line":17,"column":null}},"8":{"start":{"line":16,"column":8},"end":{"line":16,"column":null}},"9":{"start":{"line":18,"column":6},"end":{"line":18,"column":null}},"10":{"start":{"line":20,"column":6},"end":{"line":20,"column":null}},"11":{"start":{"line":7,"column":0},"end":{"line":7,"column":13}}},"fnMap":{"0":{"name":"(anonymous_0)","decl":{"start":{"line":8,"column":2},"end":{"line":8,"column":32}},"loc":{"start":{"line":9,"column":52},"end":{"line":9,"column":56}}},"1":{"name":"(anonymous_1)","decl":{"start":{"line":11,"column":2},"end":{"line":11,"column":7}},"loc":{"start":{"line":11,"column":40},"end":{"line":22,"column":3}}}},"branchMap":{"0":{"loc":{"start":{"line":15,"column":6},"end":{"line":17,"column":null}},"type":"if","locations":[{"start":{"line":15,"column":6},"end":{"line":17,"column":null}},{"start":{"line":15,"column":6},"end":{"line":17,"column":null}}]}},"s":{"0":1,"1":1,"2":6,"3":6,"4":6,"5":6,"6":5,"7":4,"8":1,"9":3,"10":2,"11":1},"f":{"0":6,"1":6},"b":{"0":[1,3]}}
,"/Users/andersonluizpereira/typescript/journal/src/presentation/controllers/product/load-products-result-ref-id/load-products-result-ref-id-controller.ts": {"path":"/Users/andersonluizpereira/typescript/journal/src/presentation/controllers/product/load-products-result-ref-id/load-products-result-ref-id-controller.ts","statementMap":{"0":{"start":{"line":1,"column":0},"end":{"line":1,"column":84}},"1":{"start":{"line":2,"column":0},"end":{"line":2,"column":57}},"2":{"start":{"line":8,"column":32},"end":{"line":8,"column":70}},"3":{"start":{"line":9,"column":21},"end":{"line":9,"column":52}},"4":{"start":{"line":12,"column":4},"end":{"line":21,"column":null}},"5":{"start":{"line":13,"column":24},"end":{"line":13,"column":42}},"6":{"start":{"line":14,"column":22},"end":{"line":14,"column":70}},"7":{"start":{"line":15,"column":6},"end":{"line":17,"column":null}},"8":{"start":{"line":16,"column":8},"end":{"line":16,"column":null}},"9":{"start":{"line":18,"column":6},"end":{"line":18,"column":null}},"10":{"start":{"line":20,"column":6},"end":{"line":20,"column":null}},"11":{"start":{"line":7,"column":0},"end":{"line":7,"column":13}}},"fnMap":{"0":{"name":"(anonymous_0)","decl":{"start":{"line":8,"column":2},"end":{"line":8,"column":32}},"loc":{"start":{"line":9,"column":52},"end":{"line":9,"column":56}}},"1":{"name":"(anonymous_1)","decl":{"start":{"line":11,"column":2},"end":{"line":11,"column":7}},"loc":{"start":{"line":11,"column":40},"end":{"line":22,"column":3}}}},"branchMap":{"0":{"loc":{"start":{"line":15,"column":6},"end":{"line":17,"column":null}},"type":"if","locations":[{"start":{"line":15,"column":6},"end":{"line":17,"column":null}},{"start":{"line":15,"column":6},"end":{"line":17,"column":null}}]}},"s":{"0":12,"1":12,"2":17,"3":17,"4":7,"5":7,"6":6,"7":5,"8":1,"9":4,"10":2,"11":12},"f":{"0":17,"1":7},"b":{"0":[1,4]}}
,"/Users/andersonluizpereira/typescript/journal/src/presentation/controllers/product/remove-product/remove-product-controller.ts": {"path":"/Users/andersonluizpereira/typescript/journal/src/presentation/controllers/product/remove-product/remove-product-controller.ts","statementMap":{"0":{"start":{"line":2,"column":0},"end":{"line":2,"column":62}},"1":{"start":{"line":3,"column":0},"end":{"line":3,"column":91}},"2":{"start":{"line":7,"column":32},"end":{"line":7,"column":60}},"3":{"start":{"line":8,"column":21},"end":{"line":8,"column":53}},"4":{"start":{"line":11,"column":4},"end":{"line":21,"column":null}},"5":{"start":{"line":12,"column":28},"end":{"line":12,"column":46}},"6":{"start":{"line":13,"column":22},"end":{"line":13,"column":68}},"7":{"start":{"line":14,"column":6},"end":{"line":16,"column":null}},"8":{"start":{"line":15,"column":8},"end":{"line":15,"column":null}},"9":{"start":{"line":17,"column":6},"end":{"line":17,"column":null}},"10":{"start":{"line":18,"column":6},"end":{"line":18,"column":null}},"11":{"start":{"line":20,"column":6},"end":{"line":20,"column":null}},"12":{"start":{"line":6,"column":0},"end":{"line":6,"column":13}}},"fnMap":{"0":{"name":"(anonymous_0)","decl":{"start":{"line":7,"column":2},"end":{"line":7,"column":32}},"loc":{"start":{"line":8,"column":53},"end":{"line":8,"column":57}}},"1":{"name":"(anonymous_1)","decl":{"start":{"line":10,"column":2},"end":{"line":10,"column":7}},"loc":{"start":{"line":10,"column":40},"end":{"line":22,"column":3}}}},"branchMap":{"0":{"loc":{"start":{"line":14,"column":6},"end":{"line":16,"column":null}},"type":"if","locations":[{"start":{"line":14,"column":6},"end":{"line":16,"column":null}},{"start":{"line":14,"column":6},"end":{"line":16,"column":null}}]}},"s":{"0":12,"1":12,"2":15,"3":15,"4":5,"5":5,"6":5,"7":5,"8":1,"9":4,"10":3,"11":1,"12":12},"f":{"0":15,"1":5},"b":{"0":[1,4]}}
,"/Users/andersonluizpereira/typescript/journal/src/presentation/controllers/product/update-product/update-product-controller.ts": {"path":"/Users/andersonluizpereira/typescript/journal/src/presentation/controllers/product/update-product/update-product-controller.ts","statementMap":{"0":{"start":{"line":1,"column":0},"end":{"line":1,"column":62}},"1":{"start":{"line":2,"column":0},"end":{"line":2,"column":96}},"2":{"start":{"line":6,"column":32},"end":{"line":6,"column":66}},"3":{"start":{"line":7,"column":21},"end":{"line":7,"column":53}},"4":{"start":{"line":8,"column":21},"end":{"line":8,"column":43}},"5":{"start":{"line":11,"column":4},"end":{"line":25,"column":null}},"6":{"start":{"line":12,"column":20},"end":{"line":12,"column":62}},"7":{"start":{"line":13,"column":6},"end":{"line":15,"column":null}},"8":{"start":{"line":14,"column":8},"end":{"line":14,"column":null}},"9":{"start":{"line":16,"column":23},"end":{"line":16,"column":79}},"10":{"start":{"line":17,"column":6},"end":{"line":20,"column":null}},"11":{"start":{"line":18,"column":8},"end":{"line":18,"column":null}},"12":{"start":{"line":19,"column":8},"end":{"line":19,"column":null}},"13":{"start":{"line":21,"column":22},"end":{"line":21,"column":71}},"14":{"start":{"line":22,"column":6},"end":{"line":22,"column":null}},"15":{"start":{"line":24,"column":6},"end":{"line":24,"column":null}},"16":{"start":{"line":5,"column":0},"end":{"line":5,"column":13}}},"fnMap":{"0":{"name":"(anonymous_0)","decl":{"start":{"line":6,"column":2},"end":{"line":6,"column":32}},"loc":{"start":{"line":8,"column":43},"end":{"line":8,"column":47}}},"1":{"name":"(anonymous_1)","decl":{"start":{"line":10,"column":2},"end":{"line":10,"column":7}},"loc":{"start":{"line":10,"column":40},"end":{"line":26,"column":3}}}},"branchMap":{"0":{"loc":{"start":{"line":13,"column":6},"end":{"line":15,"column":null}},"type":"if","locations":[{"start":{"line":13,"column":6},"end":{"line":15,"column":null}},{"start":{"line":13,"column":6},"end":{"line":15,"column":null}}]},"1":{"loc":{"start":{"line":17,"column":6},"end":{"line":20,"column":null}},"type":"if","locations":[{"start":{"line":17,"column":6},"end":{"line":20,"column":null}},{"start":{"line":17,"column":6},"end":{"line":20,"column":null}}]}},"s":{"0":12,"1":12,"2":16,"3":16,"4":16,"5":6,"6":6,"7":6,"8":1,"9":5,"10":5,"11":1,"12":1,"13":4,"14":3,"15":1,"16":12},"f":{"0":16,"1":6},"b":{"0":[1,5],"1":[1,4]}}
,"/Users/andersonluizpereira/typescript/journal/src/presentation/errors/access-denied-error.ts": {"path":"/Users/andersonluizpereira/typescript/journal/src/presentation/errors/access-denied-error.ts","statementMap":{"0":{"start":{"line":3,"column":4},"end":{"line":3,"column":null}},"1":{"start":{"line":4,"column":4},"end":{"line":4,"column":null}},"2":{"start":{"line":1,"column":0},"end":{"line":1,"column":13}}},"fnMap":{"0":{"name":"(anonymous_0)","decl":{"start":{"line":2,"column":2},"end":{"line":2,"column":null}},"loc":{"start":{"line":2,"column":2},"end":{"line":5,"column":3}}}},"branchMap":{},"s":{"0":17,"1":17,"2":43},"f":{"0":17},"b":{}}
,"/Users/andersonluizpereira/typescript/journal/src/presentation/errors/email-in-use-error.ts": {"path":"/Users/andersonluizpereira/typescript/journal/src/presentation/errors/email-in-use-error.ts","statementMap":{"0":{"start":{"line":3,"column":4},"end":{"line":3,"column":null}},"1":{"start":{"line":4,"column":4},"end":{"line":4,"column":null}},"2":{"start":{"line":1,"column":0},"end":{"line":1,"column":13}}},"fnMap":{"0":{"name":"(anonymous_0)","decl":{"start":{"line":2,"column":2},"end":{"line":2,"column":null}},"loc":{"start":{"line":2,"column":2},"end":{"line":5,"column":3}}}},"branchMap":{},"s":{"0":3,"1":3,"2":43},"f":{"0":3},"b":{}}
,"/Users/andersonluizpereira/typescript/journal/src/presentation/errors/invalid-param-error.ts": {"path":"/Users/andersonluizpereira/typescript/journal/src/presentation/errors/invalid-param-error.ts","statementMap":{"0":{"start":{"line":6,"column":4},"end":{"line":6,"column":null}},"1":{"start":{"line":7,"column":4},"end":{"line":7,"column":null}},"2":{"start":{"line":1,"column":0},"end":{"line":1,"column":13}}},"fnMap":{"0":{"name":"(anonymous_0)","decl":{"start":{"line":5,"column":2},"end":{"line":5,"column":15}},"loc":{"start":{"line":5,"column":32},"end":{"line":8,"column":3}}}},"branchMap":{},"s":{"0":12,"1":12,"2":43},"f":{"0":12},"b":{}}
,"/Users/andersonluizpereira/typescript/journal/src/presentation/errors/missing-param-error.ts": {"path":"/Users/andersonluizpereira/typescript/journal/src/presentation/errors/missing-param-error.ts","statementMap":{"0":{"start":{"line":6,"column":4},"end":{"line":6,"column":null}},"1":{"start":{"line":7,"column":4},"end":{"line":7,"column":null}},"2":{"start":{"line":1,"column":0},"end":{"line":1,"column":13}}},"fnMap":{"0":{"name":"(anonymous_0)","decl":{"start":{"line":5,"column":2},"end":{"line":5,"column":15}},"loc":{"start":{"line":5,"column":32},"end":{"line":8,"column":3}}}},"branchMap":{},"s":{"0":6,"1":6,"2":43},"f":{"0":6},"b":{}}
,"/Users/andersonluizpereira/typescript/journal/src/presentation/errors/server-error.ts": {"path":"/Users/andersonluizpereira/typescript/journal/src/presentation/errors/server-error.ts","statementMap":{"0":{"start":{"line":6,"column":4},"end":{"line":6,"column":null}},"1":{"start":{"line":7,"column":4},"end":{"line":7,"column":null}},"2":{"start":{"line":8,"column":4},"end":{"line":8,"column":null}},"3":{"start":{"line":1,"column":0},"end":{"line":1,"column":13}}},"fnMap":{"0":{"name":"(anonymous_0)","decl":{"start":{"line":5,"column":2},"end":{"line":5,"column":15}},"loc":{"start":{"line":5,"column":28},"end":{"line":9,"column":3}}}},"branchMap":{},"s":{"0":50,"1":50,"2":50,"3":43},"f":{"0":50},"b":{}}
,"/Users/andersonluizpereira/typescript/journal/src/presentation/errors/unauthorized-error.ts": {"path":"/Users/andersonluizpereira/typescript/journal/src/presentation/errors/unauthorized-error.ts","statementMap":{"0":{"start":{"line":6,"column":4},"end":{"line":6,"column":null}},"1":{"start":{"line":7,"column":4},"end":{"line":7,"column":null}},"2":{"start":{"line":1,"column":0},"end":{"line":1,"column":13}}},"fnMap":{"0":{"name":"(anonymous_0)","decl":{"start":{"line":5,"column":2},"end":{"line":5,"column":null}},"loc":{"start":{"line":5,"column":2},"end":{"line":8,"column":3}}}},"branchMap":{},"s":{"0":3,"1":3,"2":43},"f":{"0":3},"b":{}}
,"/Users/andersonluizpereira/typescript/journal/src/presentation/errors/value-nothing-in-use-error.ts": {"path":"/Users/andersonluizpereira/typescript/journal/src/presentation/errors/value-nothing-in-use-error.ts","statementMap":{"0":{"start":{"line":3,"column":4},"end":{"line":3,"column":null}},"1":{"start":{"line":4,"column":4},"end":{"line":4,"column":null}},"2":{"start":{"line":1,"column":0},"end":{"line":1,"column":13}}},"fnMap":{"0":{"name":"(anonymous_0)","decl":{"start":{"line":2,"column":2},"end":{"line":2,"column":15}},"loc":{"start":{"line":2,"column":28},"end":{"line":5,"column":3}}}},"branchMap":{},"s":{"0":12,"1":12,"2":43},"f":{"0":12},"b":{}}
,"/Users/andersonluizpereira/typescript/journal/src/presentation/helpers/http/http-helper.ts": {"path":"/Users/andersonluizpereira/typescript/journal/src/presentation/helpers/http/http-helper.ts","statementMap":{"0":{"start":{"line":2,"column":0},"end":{"line":2,"column":70}},"1":{"start":{"line":4,"column":26},"end":{"line":7,"column":2}},"2":{"start":{"line":4,"column":59},"end":{"line":7,"column":2}},"3":{"start":{"line":4,"column":13},"end":{"line":4,"column":26}},"4":{"start":{"line":9,"column":25},"end":{"line":12,"column":2}},"5":{"start":{"line":9,"column":58},"end":{"line":12,"column":2}},"6":{"start":{"line":9,"column":13},"end":{"line":9,"column":25}},"7":{"start":{"line":14,"column":28},"end":{"line":17,"column":2}},"8":{"start":{"line":14,"column":49},"end":{"line":17,"column":2}},"9":{"start":{"line":14,"column":13},"end":{"line":14,"column":28}},"10":{"start":{"line":19,"column":27},"end":{"line":22,"column":2}},"11":{"start":{"line":19,"column":60},"end":{"line":22,"column":2}},"12":{"start":{"line":19,"column":13},"end":{"line":19,"column":27}},"13":{"start":{"line":24,"column":18},"end":{"line":27,"column":2}},"14":{"start":{"line":24,"column":48},"end":{"line":27,"column":2}},"15":{"start":{"line":24,"column":13},"end":{"line":24,"column":18}},"16":{"start":{"line":29,"column":25},"end":{"line":32,"column":2}},"17":{"start":{"line":29,"column":46},"end":{"line":32,"column":2}},"18":{"start":{"line":29,"column":13},"end":{"line":29,"column":25}}},"fnMap":{"0":{"name":"(anonymous_0)","decl":{"start":{"line":4,"column":26},"end":{"line":4,"column":27}},"loc":{"start":{"line":4,"column":59},"end":{"line":7,"column":2}}},"1":{"name":"(anonymous_1)","decl":{"start":{"line":9,"column":25},"end":{"line":9,"column":26}},"loc":{"start":{"line":9,"column":58},"end":{"line":12,"column":2}}},"2":{"name":"(anonymous_2)","decl":{"start":{"line":14,"column":28},"end":{"line":14,"column":45}},"loc":{"start":{"line":14,"column":49},"end":{"line":17,"column":2}}},"3":{"name":"(anonymous_3)","decl":{"start":{"line":19,"column":27},"end":{"line":19,"column":28}},"loc":{"start":{"line":19,"column":60},"end":{"line":22,"column":2}}},"4":{"name":"(anonymous_4)","decl":{"start":{"line":24,"column":18},"end":{"line":24,"column":19}},"loc":{"start":{"line":24,"column":48},"end":{"line":27,"column":2}}},"5":{"name":"(anonymous_5)","decl":{"start":{"line":29,"column":25},"end":{"line":29,"column":42}},"loc":{"start":{"line":29,"column":46},"end":{"line":32,"column":2}}}},"branchMap":{},"s":{"0":31,"1":31,"2":16,"3":31,"4":31,"5":40,"6":31,"7":31,"8":3,"9":31,"10":31,"11":49,"12":31,"13":31,"14":73,"15":31,"16":31,"17":28,"18":31},"f":{"0":16,"1":40,"2":3,"3":49,"4":73,"5":28},"b":{}}
,"/Users/andersonluizpereira/typescript/journal/src/presentation/middlewares/auth-middleware.ts": {"path":"/Users/andersonluizpereira/typescript/journal/src/presentation/middlewares/auth-middleware.ts","statementMap":{"0":{"start":{"line":1,"column":0},"end":{"line":1,"column":57}},"1":{"start":{"line":2,"column":0},"end":{"line":2,"column":84}},"2":{"start":{"line":8,"column":21},"end":{"line":8,"column":59}},"3":{"start":{"line":9,"column":21},"end":{"line":9,"column":34}},"4":{"start":{"line":13,"column":4},"end":{"line":24,"column":null}},"5":{"start":{"line":14,"column":23},"end":{"line":14,"column":65}},"6":{"start":{"line":15,"column":6},"end":{"line":20,"column":null}},"7":{"start":{"line":16,"column":24},"end":{"line":16,"column":82}},"8":{"start":{"line":17,"column":8},"end":{"line":19,"column":null}},"9":{"start":{"line":18,"column":10},"end":{"line":18,"column":null}},"10":{"start":{"line":21,"column":6},"end":{"line":21,"column":null}},"11":{"start":{"line":23,"column":6},"end":{"line":23,"column":null}},"12":{"start":{"line":6,"column":0},"end":{"line":6,"column":13}}},"fnMap":{"0":{"name":"(anonymous_0)","decl":{"start":{"line":7,"column":2},"end":{"line":7,"column":null}},"loc":{"start":{"line":9,"column":34},"end":{"line":10,"column":6}}},"1":{"name":"(anonymous_1)","decl":{"start":{"line":12,"column":2},"end":{"line":12,"column":7}},"loc":{"start":{"line":12,"column":40},"end":{"line":25,"column":3}}}},"branchMap":{"0":{"loc":{"start":{"line":14,"column":45},"end":{"line":14,"column":48}},"type":"cond-expr","locations":[{"start":{"line":14,"column":45},"end":{"line":14,"column":48}},{"start":{"line":14,"column":45},"end":{"line":14,"column":65}}]},"1":{"loc":{"start":{"line":14,"column":23},"end":{"line":14,"column":48}},"type":"binary-expr","locations":[{"start":{"line":14,"column":23},"end":{"line":14,"column":48}},{"start":{"line":14,"column":45},"end":{"line":14,"column":48}}]},"2":{"loc":{"start":{"line":15,"column":6},"end":{"line":20,"column":null}},"type":"if","locations":[{"start":{"line":15,"column":6},"end":{"line":20,"column":null}},{"start":{"line":15,"column":6},"end":{"line":20,"column":null}}]},"3":{"loc":{"start":{"line":17,"column":8},"end":{"line":19,"column":null}},"type":"if","locations":[{"start":{"line":17,"column":8},"end":{"line":19,"column":null}},{"start":{"line":17,"column":8},"end":{"line":19,"column":null}}]}},"s":{"0":12,"1":12,"2":16,"3":16,"4":31,"5":31,"6":31,"7":17,"8":16,"9":15,"10":15,"11":1,"12":12},"f":{"0":16,"1":31},"b":{"0":[1,30],"1":[31,31],"2":[17,14],"3":[15,1]}}
,"/Users/andersonluizpereira/typescript/journal/src/validation/validators/compare-fields-validation.ts": {"path":"/Users/andersonluizpereira/typescript/journal/src/validation/validators/compare-fields-validation.ts","statementMap":{"0":{"start":{"line":2,"column":0},"end":{"line":2,"column":57}},"1":{"start":{"line":5,"column":32},"end":{"line":5,"column":49}},"2":{"start":{"line":5,"column":68},"end":{"line":5,"column":92}},"3":{"start":{"line":10,"column":4},"end":{"line":12,"column":null}},"4":{"start":{"line":11,"column":6},"end":{"line":11,"column":null}},"5":{"start":{"line":4,"column":0},"end":{"line":4,"column":13}}},"fnMap":{"0":{"name":"(anonymous_0)","decl":{"start":{"line":5,"column":2},"end":{"line":5,"column":32}},"loc":{"start":{"line":5,"column":92},"end":{"line":7,"column":3}}},"1":{"name":"(anonymous_1)","decl":{"start":{"line":9,"column":2},"end":{"line":9,"column":10}},"loc":{"start":{"line":9,"column":22},"end":{"line":13,"column":3}}}},"branchMap":{"0":{"loc":{"start":{"line":10,"column":4},"end":{"line":12,"column":null}},"type":"if","locations":[{"start":{"line":10,"column":4},"end":{"line":12,"column":null}},{"start":{"line":10,"column":4},"end":{"line":12,"column":null}}]}},"s":{"0":13,"1":15,"2":15,"3":4,"4":1,"5":13},"f":{"0":15,"1":4},"b":{"0":[1,3]}}
,"/Users/andersonluizpereira/typescript/journal/src/validation/validators/email-validation.ts": {"path":"/Users/andersonluizpereira/typescript/journal/src/validation/validators/email-validation.ts","statementMap":{"0":{"start":{"line":2,"column":0},"end":{"line":2,"column":57}},"1":{"start":{"line":7,"column":21},"end":{"line":7,"column":38}},"2":{"start":{"line":8,"column":21},"end":{"line":8,"column":51}},"3":{"start":{"line":12,"column":20},"end":{"line":12,"column":70}},"4":{"start":{"line":13,"column":4},"end":{"line":15,"column":null}},"5":{"start":{"line":14,"column":6},"end":{"line":14,"column":null}},"6":{"start":{"line":5,"column":0},"end":{"line":5,"column":13}}},"fnMap":{"0":{"name":"(anonymous_0)","decl":{"start":{"line":6,"column":2},"end":{"line":6,"column":null}},"loc":{"start":{"line":8,"column":51},"end":{"line":9,"column":6}}},"1":{"name":"(anonymous_1)","decl":{"start":{"line":11,"column":2},"end":{"line":11,"column":10}},"loc":{"start":{"line":11,"column":22},"end":{"line":16,"column":3}}}},"branchMap":{"0":{"loc":{"start":{"line":13,"column":4},"end":{"line":15,"column":null}},"type":"if","locations":[{"start":{"line":13,"column":4},"end":{"line":15,"column":null}},{"start":{"line":13,"column":4},"end":{"line":15,"column":null}}]}},"s":{"0":14,"1":29,"2":29,"3":7,"4":6,"5":1,"6":14},"f":{"0":29,"1":7},"b":{"0":[1,5]}}
,"/Users/andersonluizpereira/typescript/journal/src/validation/validators/required-field-validation.ts": {"path":"/Users/andersonluizpereira/typescript/journal/src/validation/validators/required-field-validation.ts","statementMap":{"0":{"start":{"line":2,"column":0},"end":{"line":2,"column":57}},"1":{"start":{"line":5,"column":32},"end":{"line":5,"column":49}},"2":{"start":{"line":10,"column":4},"end":{"line":12,"column":null}},"3":{"start":{"line":11,"column":6},"end":{"line":11,"column":null}},"4":{"start":{"line":4,"column":0},"end":{"line":4,"column":13}}},"fnMap":{"0":{"name":"(anonymous_0)","decl":{"start":{"line":5,"column":2},"end":{"line":5,"column":32}},"loc":{"start":{"line":5,"column":49},"end":{"line":7,"column":3}}},"1":{"name":"(anonymous_1)","decl":{"start":{"line":9,"column":2},"end":{"line":9,"column":10}},"loc":{"start":{"line":9,"column":22},"end":{"line":13,"column":3}}}},"branchMap":{"0":{"loc":{"start":{"line":10,"column":4},"end":{"line":12,"column":null}},"type":"if","locations":[{"start":{"line":10,"column":4},"end":{"line":12,"column":null}},{"start":{"line":10,"column":4},"end":{"line":12,"column":null}}]}},"s":{"0":20,"1":1133,"2":95,"3":1,"4":20},"f":{"0":1133,"1":95},"b":{"0":[1,94]}}
,"/Users/andersonluizpereira/typescript/journal/src/validation/validators/validation-composite.ts": {"path":"/Users/andersonluizpereira/typescript/journal/src/validation/validators/validation-composite.ts","statementMap":{"0":{"start":{"line":4,"column":32},"end":{"line":4,"column":57}},"1":{"start":{"line":8,"column":4},"end":{"line":13,"column":null}},"2":{"start":{"line":9,"column":20},"end":{"line":9,"column":46}},"3":{"start":{"line":10,"column":6},"end":{"line":12,"column":null}},"4":{"start":{"line":11,"column":8},"end":{"line":11,"column":null}},"5":{"start":{"line":3,"column":0},"end":{"line":3,"column":13}}},"fnMap":{"0":{"name":"(anonymous_0)","decl":{"start":{"line":4,"column":2},"end":{"line":4,"column":32}},"loc":{"start":{"line":4,"column":57},"end":{"line":5,"column":3}}},"1":{"name":"(anonymous_1)","decl":{"start":{"line":7,"column":2},"end":{"line":7,"column":10}},"loc":{"start":{"line":7,"column":22},"end":{"line":14,"column":3}}}},"branchMap":{"0":{"loc":{"start":{"line":10,"column":6},"end":{"line":12,"column":null}},"type":"if","locations":[{"start":{"line":10,"column":6},"end":{"line":12,"column":null}},{"start":{"line":10,"column":6},"end":{"line":12,"column":null}}]}},"s":{"0":91,"1":13,"2":104,"3":104,"4":2,"5":20},"f":{"0":91,"1":13},"b":{"0":[2,102]}}
}
