TN:
SF:src/data/usecases/account/add-account/db-add-account.ts
FN:4,(anonymous_0)
FN:10,(anonymous_1)
FNF:2
FNH:2
FNDA:18,(anonymous_0)
FNDA:9,(anonymous_1)
DA:3,12
DA:5,18
DA:6,18
DA:7,18
DA:11,9
DA:12,9
DA:13,7
DA:14,6
DA:15,5
DA:17,2
LF:10
LH:10
BRDA:12,0,0,7
BRDA:12,0,1,2
BRF:2
BRH:2
end_of_record
TN:
SF:src/data/usecases/account/authentication/db-authentication.ts
FN:4,(anonymous_0)
FN:11,(anonymous_1)
FNF:2
FNH:2
FNDA:33,(anonymous_0)
FNDA:14,(anonymous_1)
DA:3,12
DA:5,33
DA:6,33
DA:7,33
DA:8,33
DA:12,14
DA:13,13
DA:14,11
DA:15,10
DA:16,9
DA:17,8
DA:18,7
DA:24,3
LF:13
LH:13
BRDA:13,0,0,11
BRDA:13,0,1,2
BRDA:15,1,0,9
BRDA:15,1,1,1
BRF:4
BRH:4
end_of_record
TN:
SF:src/data/usecases/account/load-account-by-token/db-load-account-by-token.ts
FN:4,(anonymous_0)
FN:9,(anonymous_1)
FNF:2
FNH:2
FNDA:18,(anonymous_0)
FNDA:20,(anonymous_1)
DA:3,12
DA:4,18
DA:5,18
DA:11,20
DA:12,20
DA:14,1
DA:16,19
DA:17,18
DA:18,17
DA:19,16
DA:22,2
LF:11
LH:11
BRDA:16,0,0,18
BRDA:16,0,1,1
BRDA:18,1,0,16
BRDA:18,1,1,1
BRF:4
BRH:4
end_of_record
TN:
SF:src/data/usecases/brand/add-brand/db-add-brand.ts
FN:4,(anonymous_0)
FN:5,(anonymous_1)
FNF:2
FNH:2
FNDA:13,(anonymous_0)
FNDA:3,(anonymous_1)
DA:3,12
DA:4,13
DA:6,3
LF:3
LH:3
BRF:0
BRH:0
end_of_record
TN:
SF:src/data/usecases/brand/load-brand/db-load-brand.ts
FN:4,(anonymous_0)
FN:5,(anonymous_1)
FNF:2
FNH:2
FNDA:25,(anonymous_0)
FNDA:3,(anonymous_1)
DA:3,12
DA:4,25
DA:6,3
DA:7,2
LF:4
LH:4
BRF:0
BRH:0
end_of_record
TN:
SF:src/data/usecases/brand/load-brand-by-id/db-load-brand-by-id.ts
FN:4,(anonymous_0)
FN:5,(anonymous_1)
FNF:2
FNH:2
FNDA:36,(anonymous_0)
FNDA:6,(anonymous_1)
DA:3,12
DA:4,36
DA:6,6
DA:7,5
LF:4
LH:4
BRF:0
BRH:0
end_of_record
TN:
SF:src/data/usecases/brand/remove-brand/db-remove-brand.ts
FN:4,(anonymous_0)
FN:5,(anonymous_1)
FNF:2
FNH:2
FNDA:13,(anonymous_0)
FNDA:3,(anonymous_1)
DA:3,12
DA:4,13
DA:6,3
LF:3
LH:3
BRF:0
BRH:0
end_of_record
TN:
SF:src/data/usecases/brand/update-brand/db-update-brand.ts
FN:5,(anonymous_0)
FN:6,(anonymous_1)
FNF:2
FNH:2
FNDA:13,(anonymous_0)
FNDA:3,(anonymous_1)
DA:4,12
DA:5,13
DA:7,3
DA:8,2
LF:4
LH:4
BRF:0
BRH:0
end_of_record
TN:
SF:src/data/usecases/category/add-category/db-add-category.ts
FN:4,(anonymous_0)
FN:5,(anonymous_1)
FNF:2
FNH:2
FNDA:13,(anonymous_0)
FNDA:3,(anonymous_1)
DA:3,12
DA:4,13
DA:6,3
LF:3
LH:3
BRF:0
BRH:0
end_of_record
TN:
SF:src/data/usecases/category/load-category/db-load-category.ts
FN:4,(anonymous_0)
FN:5,(anonymous_1)
FNF:2
FNH:2
FNDA:25,(anonymous_0)
FNDA:4,(anonymous_1)
DA:3,12
DA:4,25
DA:6,4
DA:7,3
LF:4
LH:4
BRF:0
BRH:0
end_of_record
TN:
SF:src/data/usecases/category/load-category-by-id/db-load-category-by-id.ts
FN:4,(anonymous_0)
FN:5,(anonymous_1)
FNF:2
FNH:2
FNDA:25,(anonymous_0)
FNDA:5,(anonymous_1)
DA:3,12
DA:4,25
DA:6,5
DA:7,4
LF:4
LH:4
BRF:0
BRH:0
end_of_record
TN:
SF:src/data/usecases/category/remove-category/db-remove-category.ts
FN:4,(anonymous_0)
FN:5,(anonymous_1)
FNF:2
FNH:2
FNDA:13,(anonymous_0)
FNDA:3,(anonymous_1)
DA:3,12
DA:4,13
DA:6,3
LF:3
LH:3
BRF:0
BRH:0
end_of_record
TN:
SF:src/data/usecases/category/update-category/db-update-category.ts
FN:5,(anonymous_0)
FN:6,(anonymous_1)
FNF:2
FNH:2
FNDA:13,(anonymous_0)
FNDA:3,(anonymous_1)
DA:4,12
DA:5,13
DA:7,3
DA:8,2
LF:4
LH:4
BRF:0
BRH:0
end_of_record
TN:
SF:src/data/usecases/product/add-product/db-add-product.ts
FN:5,(anonymous_0)
FN:6,(anonymous_1)
FNF:2
FNH:2
FNDA:13,(anonymous_0)
FNDA:3,(anonymous_1)
DA:4,12
DA:5,13
DA:7,3
LF:3
LH:3
BRF:0
BRH:0
end_of_record
TN:
SF:src/data/usecases/product/load-product/db-load-product.ts
FN:4,(anonymous_0)
FN:5,(anonymous_1)
FNF:2
FNH:2
FNDA:36,(anonymous_0)
FNDA:4,(anonymous_1)
DA:3,12
DA:4,36
DA:6,4
DA:7,3
LF:4
LH:4
BRF:0
BRH:0
end_of_record
TN:
SF:src/data/usecases/product/load-product-by-id/db-load-product-by-id.ts
FN:4,(anonymous_0)
FN:5,(anonymous_1)
FNF:2
FNH:2
FNDA:25,(anonymous_0)
FNDA:5,(anonymous_1)
DA:3,12
DA:4,25
DA:6,5
DA:7,4
LF:4
LH:4
BRF:0
BRH:0
end_of_record
TN:
SF:src/data/usecases/product/load-product-by-ref-id/db-load-product-by-ref-id.ts
FN:4,(anonymous_0)
FN:5,(anonymous_1)
FNF:2
FNH:2
FNDA:14,(anonymous_0)
FNDA:4,(anonymous_1)
DA:3,12
DA:4,14
DA:6,4
DA:7,3
LF:4
LH:4
BRF:0
BRH:0
end_of_record
TN:
SF:src/data/usecases/product/remove-product/db-remove-product.ts
FN:4,(anonymous_0)
FN:5,(anonymous_1)
FNF:2
FNH:2
FNDA:13,(anonymous_0)
FNDA:3,(anonymous_1)
DA:3,12
DA:4,13
DA:6,3
LF:3
LH:3
BRF:0
BRH:0
end_of_record
TN:
SF:src/data/usecases/product/update-product/db-update-product.ts
FN:5,(anonymous_0)
FN:6,(anonymous_1)
FNF:2
FNH:2
FNDA:13,(anonymous_0)
FNDA:3,(anonymous_1)
DA:4,12
DA:5,13
DA:7,3
DA:8,2
LF:4
LH:4
BRF:0
BRH:0
end_of_record
TN:
SF:src/infra/cache/redisAdapter/redisAdapter.ts
FN:5,(anonymous_0)
FN:7,(anonymous_1)
FN:11,(anonymous_2)
FN:15,(anonymous_3)
FNF:4
FNH:4
FNDA:8,(anonymous_0)
FNDA:2,(anonymous_1)
FNDA:2,(anonymous_2)
FNDA:4,(anonymous_3)
DA:4,1
DA:5,8
DA:8,2
DA:12,2
DA:16,4
DA:18,3
DA:20,1
LF:7
LH:7
BRDA:18,0,0,2
BRDA:18,0,1,1
BRF:2
BRH:2
end_of_record
TN:
SF:src/infra/criptografy/bcrypt-adapter/bcrypt-adapter.ts
FN:5,(anonymous_1)
FN:7,(anonymous_2)
FN:12,(anonymous_3)
FNF:3
FNH:3
FNDA:40,(anonymous_1)
FNDA:4,(anonymous_2)
FNDA:6,(anonymous_3)
DA:2,12
DA:4,12
DA:5,40
DA:8,4
DA:9,3
DA:13,6
DA:14,5
LF:7
LH:7
BRF:0
BRH:0
end_of_record
TN:
SF:src/infra/db/typeorm/entities/account.ts
FNF:0
FNH:0
DA:1,16
DA:4,16
DA:6,16
DA:9,16
DA:12,16
DA:15,16
DA:18,16
DA:21,16
LF:8
LH:8
BRF:0
BRH:0
end_of_record
TN:
SF:src/infra/db/typeorm/entities/brand.ts
FNF:0
FNH:0
DA:1,16
DA:4,16
DA:6,16
DA:9,16
DA:12,16
DA:15,16
DA:18,16
DA:21,16
DA:24,16
DA:27,16
DA:30,16
DA:33,16
LF:12
LH:12
BRF:0
BRH:0
end_of_record
TN:
SF:src/infra/db/typeorm/entities/category.ts
FNF:0
FNH:0
DA:1,16
DA:4,16
DA:6,16
DA:9,16
DA:12,16
DA:15,16
DA:18,16
DA:21,16
DA:24,16
DA:27,16
DA:30,16
DA:33,16
DA:36,16
DA:39,16
DA:42,16
LF:15
LH:15
BRF:0
BRH:0
end_of_record
TN:
SF:src/infra/db/typeorm/entities/log.ts
FNF:0
FNH:0
DA:1,16
DA:4,16
DA:6,16
DA:9,16
DA:12,16
LF:5
LH:5
BRF:0
BRH:0
end_of_record
TN:
SF:src/infra/db/typeorm/entities/product.ts
FNF:0
FNH:0
DA:1,16
DA:4,16
DA:6,16
DA:9,16
DA:12,16
DA:15,16
DA:18,16
DA:21,16
DA:24,16
DA:27,16
DA:30,16
DA:33,16
DA:36,16
DA:39,16
DA:42,16
DA:45,16
DA:48,16
DA:51,16
DA:54,16
DA:57,16
DA:60,16
LF:21
LH:21
BRF:0
BRH:0
end_of_record
TN:
SF:src/infra/db/typeorm/repositories/account/accountsRepository.ts
FN:11,(anonymous_0)
FN:15,(anonymous_1)
FN:27,(anonymous_2)
FN:33,(anonymous_3)
FN:42,(anonymous_4)
FNF:5
FNH:5
FNDA:52,(anonymous_0)
FNDA:3,(anonymous_1)
FNDA:6,(anonymous_2)
FNDA:9,(anonymous_3)
FNDA:17,(anonymous_4)
DA:4,12
DA:5,12
DA:7,12
DA:12,52
DA:16,3
DA:21,3
DA:28,6
DA:29,6
DA:30,6
DA:34,9
DA:39,9
DA:43,17
DA:48,17
LF:13
LH:13
BRDA:39,0,0,9
BRDA:39,0,1,3
BRF:2
BRH:2
end_of_record
TN:
SF:src/infra/db/typeorm/repositories/brand/brandsRepository.ts
FN:13,(anonymous_0)
FN:17,(anonymous_1)
FN:22,(anonymous_2)
FN:31,(anonymous_3)
FN:36,(anonymous_4)
FN:45,(anonymous_5)
FNF:6
FNH:6
FNDA:94,(anonymous_0)
FNDA:2,(anonymous_1)
FNDA:6,(anonymous_2)
FNDA:7,(anonymous_3)
FNDA:2,(anonymous_4)
FNDA:2,(anonymous_5)
DA:7,12
DA:8,12
DA:10,12
DA:14,94
DA:18,2
DA:23,6
DA:28,6
DA:32,7
DA:33,7
DA:37,2
DA:42,2
DA:46,2
DA:47,2
LF:13
LH:13
BRF:0
BRH:0
end_of_record
TN:
SF:src/infra/db/typeorm/repositories/category/categorysRepository.ts
FN:13,(anonymous_0)
FN:17,(anonymous_1)
FN:22,(anonymous_2)
FN:31,(anonymous_3)
FN:36,(anonymous_4)
FN:45,(anonymous_5)
FNF:6
FNH:6
FNDA:83,(anonymous_0)
FNDA:3,(anonymous_1)
FNDA:5,(anonymous_2)
FNDA:7,(anonymous_3)
FNDA:2,(anonymous_4)
FNDA:2,(anonymous_5)
DA:7,12
DA:8,12
DA:10,12
DA:14,83
DA:18,3
DA:23,5
DA:28,5
DA:32,7
DA:33,7
DA:37,2
DA:42,2
DA:46,2
DA:47,2
LF:13
LH:13
BRF:0
BRH:0
end_of_record
TN:
SF:src/infra/db/typeorm/repositories/log/log-repository.ts
FN:9,(anonymous_0)
FN:13,(anonymous_1)
FNF:2
FNH:2
FNDA:199,(anonymous_0)
FNDA:1,(anonymous_1)
DA:2,12
DA:3,12
DA:5,12
DA:10,199
DA:14,1
DA:17,1
LF:6
LH:6
BRF:0
BRH:0
end_of_record
TN:
SF:src/infra/db/typeorm/repositories/product/productsRepository.ts
FN:13,(anonymous_0)
FN:17,(anonymous_1)
FN:22,(anonymous_2)
FN:31,(anonymous_3)
FN:40,(anonymous_4)
FN:46,(anonymous_5)
FN:55,(anonymous_6)
FNF:7
FNH:7
FNDA:106,(anonymous_0)
FNDA:3,(anonymous_1)
FNDA:5,(anonymous_2)
FNDA:2,(anonymous_3)
FNDA:8,(anonymous_4)
FNDA:2,(anonymous_5)
FNDA:2,(anonymous_6)
DA:7,12
DA:8,12
DA:10,12
DA:14,106
DA:18,3
DA:23,5
DA:28,5
DA:32,2
DA:37,2
DA:41,8
DA:42,8
DA:43,8
DA:47,2
DA:52,2
DA:56,2
DA:57,2
LF:16
LH:16
BRF:0
BRH:0
end_of_record
TN:
SF:src/infra/email/emailAdapter.ts
FN:5,(anonymous_1)
FN:7,(anonymous_2)
FNF:2
FNH:2
FNDA:3,(anonymous_1)
FNDA:3,(anonymous_2)
DA:2,1
DA:4,1
DA:5,3
DA:8,3
DA:18,2
DA:19,2
LF:6
LH:6
BRF:0
BRH:0
end_of_record
TN:
SF:src/infra/queue/rabbitmq/rabbitmqAdapter.ts
FN:5,(anonymous_1)
FN:6,(anonymous_2)
FNF:2
FNH:2
FNDA:2,(anonymous_1)
FNDA:1,(anonymous_2)
DA:2,1
DA:4,1
DA:5,2
DA:7,1
DA:8,1
DA:9,1
DA:10,1
DA:11,1
LF:8
LH:8
BRDA:7,0,0,1
BRDA:7,0,1,1
BRF:2
BRH:2
end_of_record
TN:
SF:src/infra/validators/email-validator-adapter.ts
FN:4,(anonymous_1)
FNF:1
FNH:1
FNDA:7,(anonymous_1)
DA:2,14
DA:3,14
DA:5,7
LF:3
LH:3
BRF:0
BRH:0
end_of_record
TN:
SF:src/presentation/controllers/brand/add-brand/add-brand-controller.ts
FN:5,(anonymous_0)
FN:12,(anonymous_1)
FNF:2
FNH:2
FNDA:16,(anonymous_0)
FNDA:6,(anonymous_1)
DA:2,12
DA:4,12
DA:6,16
DA:7,16
DA:13,6
DA:14,6
DA:15,6
DA:16,1
DA:28,5
DA:29,5
DA:40,4
DA:42,1
LF:12
LH:12
BRDA:15,0,0,1
BRDA:15,0,1,5
BRF:2
BRH:2
end_of_record
TN:
SF:src/presentation/controllers/brand/load-brands/load-brands-controller.ts
FN:5,(anonymous_0)
FN:6,(anonymous_1)
FNF:2
FNH:2
FNDA:15,(anonymous_0)
FNDA:4,(anonymous_1)
DA:1,12
DA:4,12
DA:5,15
DA:7,4
DA:8,4
DA:9,3
DA:11,1
LF:7
LH:7
BRDA:9,0,0,2
BRDA:9,0,1,1
BRF:2
BRH:2
end_of_record
TN:
SF:src/presentation/controllers/brand/load-brands-result/load-brands-result-controller.ts
FN:6,(anonymous_0)
FN:9,(anonymous_1)
FNF:2
FNH:2
FNDA:17,(anonymous_0)
FNDA:7,(anonymous_1)
DA:1,12
DA:2,12
DA:5,12
DA:6,17
DA:7,17
DA:10,7
DA:11,7
DA:12,6
DA:13,5
DA:14,1
DA:16,4
DA:18,2
LF:12
LH:12
BRDA:13,0,0,1
BRDA:13,0,1,4
BRF:2
BRH:2
end_of_record
TN:
SF:src/presentation/controllers/brand/remove-brand/remove-brand-controller.ts
FN:7,(anonymous_0)
FN:10,(anonymous_1)
FNF:2
FNH:2
FNDA:15,(anonymous_0)
FNDA:5,(anonymous_1)
DA:2,12
DA:3,12
DA:6,12
DA:7,15
DA:8,15
DA:11,5
DA:12,5
DA:13,5
DA:14,5
DA:15,1
DA:17,4
DA:18,3
DA:20,1
LF:13
LH:13
BRDA:14,0,0,1
BRDA:14,0,1,4
BRF:2
BRH:2
end_of_record
TN:
SF:src/presentation/controllers/brand/update-brand/update-brand-controller.ts
FN:6,(anonymous_0)
FN:10,(anonymous_1)
FNF:2
FNH:2
FNDA:16,(anonymous_0)
FNDA:6,(anonymous_1)
DA:1,12
DA:2,12
DA:5,12
DA:6,16
DA:7,16
DA:8,16
DA:11,6
DA:12,6
DA:13,6
DA:14,1
DA:16,5
DA:17,5
DA:18,1
DA:19,1
DA:21,4
DA:22,3
DA:24,1
LF:17
LH:17
BRDA:13,0,0,1
BRDA:13,0,1,5
BRDA:17,1,0,1
BRDA:17,1,1,4
BRF:4
BRH:4
end_of_record
TN:
SF:src/presentation/controllers/category/add-category/add-category-controller.ts
FN:6,(anonymous_0)
FN:13,(anonymous_1)
FNF:2
FNH:2
FNDA:16,(anonymous_0)
FNDA:6,(anonymous_1)
DA:2,12
DA:5,12
DA:7,16
DA:8,16
DA:14,6
DA:15,6
DA:16,6
DA:17,1
DA:19,5
DA:20,4
DA:22,1
LF:11
LH:11
BRDA:16,0,0,1
BRDA:16,0,1,5
BRF:2
BRH:2
end_of_record
TN:
SF:src/presentation/controllers/category/load-categorys/load-categorys-controller.ts
FN:5,(anonymous_0)
FN:6,(anonymous_1)
FNF:2
FNH:2
FNDA:26,(anonymous_0)
FNDA:5,(anonymous_1)
DA:1,12
DA:4,12
DA:5,26
DA:7,5
DA:8,5
DA:9,4
DA:11,1
LF:7
LH:7
BRDA:9,0,0,3
BRDA:9,0,1,1
BRF:2
BRH:2
end_of_record
TN:
SF:src/presentation/controllers/category/load-categorys-result/load-categorys-result-controller.ts
FN:8,(anonymous_0)
FN:11,(anonymous_1)
FNF:2
FNH:2
FNDA:6,(anonymous_0)
FNDA:6,(anonymous_1)
DA:1,1
DA:2,1
DA:7,1
DA:8,6
DA:9,6
DA:12,6
DA:13,6
DA:14,5
DA:15,4
DA:16,1
DA:18,3
DA:20,2
LF:12
LH:12
BRDA:15,0,0,1
BRDA:15,0,1,3
BRF:2
BRH:2
end_of_record
TN:
SF:src/presentation/controllers/category/remove-category/remove-category-controller.ts
FN:7,(anonymous_0)
FN:10,(anonymous_1)
FNF:2
FNH:2
FNDA:15,(anonymous_0)
FNDA:5,(anonymous_1)
DA:2,12
DA:3,12
DA:6,12
DA:7,15
DA:8,15
DA:11,5
DA:12,5
DA:13,5
DA:14,5
DA:15,1
DA:17,4
DA:18,3
DA:20,1
LF:13
LH:13
BRDA:14,0,0,1
BRDA:14,0,1,4
BRF:2
BRH:2
end_of_record
TN:
SF:src/presentation/controllers/category/update-category/update-category-controller.ts
FN:6,(anonymous_0)
FN:10,(anonymous_1)
FNF:2
FNH:2
FNDA:16,(anonymous_0)
FNDA:6,(anonymous_1)
DA:1,12
DA:2,12
DA:5,12
DA:6,16
DA:7,16
DA:8,16
DA:11,6
DA:12,6
DA:13,6
DA:14,1
DA:16,5
DA:17,5
DA:18,1
DA:19,1
DA:21,4
DA:22,3
DA:24,1
LF:17
LH:17
BRDA:13,0,0,1
BRDA:13,0,1,5
BRDA:17,1,0,1
BRDA:17,1,1,4
BRF:4
BRH:4
end_of_record
TN:
SF:src/presentation/controllers/login/login/login-controller.ts
FN:5,(anonymous_0)
FN:10,(anonymous_1)
FNF:2
FNH:2
FNDA:17,(anonymous_0)
FNDA:8,(anonymous_1)
DA:2,12
DA:4,12
DA:6,17
DA:7,17
DA:11,8
DA:12,8
DA:13,8
DA:14,1
DA:16,7
DA:17,7
DA:21,6
DA:22,2
DA:24,4
DA:26,1
LF:14
LH:14
BRDA:13,0,0,1
BRDA:13,0,1,7
BRDA:21,1,0,2
BRDA:21,1,1,4
BRF:4
BRH:4
end_of_record
TN:
SF:src/presentation/controllers/login/signup/signup-controller.ts
FN:8,(anonymous_0)
FN:15,(anonymous_1)
FNF:2
FNH:2
FNDA:19,(anonymous_0)
FNDA:10,(anonymous_1)
DA:2,12
DA:3,12
DA:4,12
DA:9,19
DA:10,19
DA:11,19
DA:16,10
DA:17,10
DA:18,10
DA:19,1
DA:22,9
DA:23,9
DA:28,8
DA:29,2
DA:31,6
DA:35,5
DA:37,2
LF:17
LH:17
BRDA:18,0,0,1
BRDA:18,0,1,9
BRDA:28,1,0,2
BRDA:28,1,1,6
BRF:4
BRH:4
end_of_record
TN:
SF:src/presentation/controllers/product/add-product/add-product-controller.ts
FN:6,(anonymous_0)
FN:13,(anonymous_1)
FNF:2
FNH:2
FNDA:16,(anonymous_0)
FNDA:6,(anonymous_1)
DA:2,12
DA:5,12
DA:7,16
DA:8,16
DA:14,6
DA:15,6
DA:16,6
DA:17,1
DA:19,5
DA:20,4
DA:22,1
LF:11
LH:11
BRDA:16,0,0,1
BRDA:16,0,1,5
BRF:2
BRH:2
end_of_record
TN:
SF:src/presentation/controllers/product/load-products/load-products-controller.ts
FN:5,(anonymous_0)
FN:6,(anonymous_1)
FNF:2
FNH:2
FNDA:26,(anonymous_0)
FNDA:5,(anonymous_1)
DA:1,12
DA:4,12
DA:5,26
DA:7,5
DA:8,5
DA:9,4
DA:11,1
LF:7
LH:7
BRDA:9,0,0,3
BRDA:9,0,1,1
BRF:2
BRH:2
end_of_record
TN:
SF:src/presentation/controllers/product/load-products-result/load-products-result-controller.ts
FN:8,(anonymous_0)
FN:11,(anonymous_1)
FNF:2
FNH:2
FNDA:6,(anonymous_0)
FNDA:6,(anonymous_1)
DA:1,1
DA:2,1
DA:7,1
DA:8,6
DA:9,6
DA:12,6
DA:13,6
DA:14,5
DA:15,4
DA:16,1
DA:18,3
DA:20,2
LF:12
LH:12
BRDA:15,0,0,1
BRDA:15,0,1,3
BRF:2
BRH:2
end_of_record
TN:
SF:src/presentation/controllers/product/load-products-result-ref-id/load-products-result-ref-id-controller.ts
FN:8,(anonymous_0)
FN:11,(anonymous_1)
FNF:2
FNH:2
FNDA:17,(anonymous_0)
FNDA:7,(anonymous_1)
DA:1,12
DA:2,12
DA:7,12
DA:8,17
DA:9,17
DA:12,7
DA:13,7
DA:14,6
DA:15,5
DA:16,1
DA:18,4
DA:20,2
LF:12
LH:12
BRDA:15,0,0,1
BRDA:15,0,1,4
BRF:2
BRH:2
end_of_record
TN:
SF:src/presentation/controllers/product/remove-product/remove-product-controller.ts
FN:7,(anonymous_0)
FN:10,(anonymous_1)
FNF:2
FNH:2
FNDA:15,(anonymous_0)
FNDA:5,(anonymous_1)
DA:2,12
DA:3,12
DA:6,12
DA:7,15
DA:8,15
DA:11,5
DA:12,5
DA:13,5
DA:14,5
DA:15,1
DA:17,4
DA:18,3
DA:20,1
LF:13
LH:13
BRDA:14,0,0,1
BRDA:14,0,1,4
BRF:2
BRH:2
end_of_record
TN:
SF:src/presentation/controllers/product/update-product/update-product-controller.ts
FN:6,(anonymous_0)
FN:10,(anonymous_1)
FNF:2
FNH:2
FNDA:16,(anonymous_0)
FNDA:6,(anonymous_1)
DA:1,12
DA:2,12
DA:5,12
DA:6,16
DA:7,16
DA:8,16
DA:11,6
DA:12,6
DA:13,6
DA:14,1
DA:16,5
DA:17,5
DA:18,1
DA:19,1
DA:21,4
DA:22,3
DA:24,1
LF:17
LH:17
BRDA:13,0,0,1
BRDA:13,0,1,5
BRDA:17,1,0,1
BRDA:17,1,1,4
BRF:4
BRH:4
end_of_record
TN:
SF:src/presentation/errors/access-denied-error.ts
FN:2,(anonymous_0)
FNF:1
FNH:1
FNDA:17,(anonymous_0)
DA:1,43
DA:3,17
DA:4,17
LF:3
LH:3
BRF:0
BRH:0
end_of_record
TN:
SF:src/presentation/errors/email-in-use-error.ts
FN:2,(anonymous_0)
FNF:1
FNH:1
FNDA:3,(anonymous_0)
DA:1,43
DA:3,3
DA:4,3
LF:3
LH:3
BRF:0
BRH:0
end_of_record
TN:
SF:src/presentation/errors/invalid-param-error.ts
FN:5,(anonymous_0)
FNF:1
FNH:1
FNDA:12,(anonymous_0)
DA:1,43
DA:6,12
DA:7,12
LF:3
LH:3
BRF:0
BRH:0
end_of_record
TN:
SF:src/presentation/errors/missing-param-error.ts
FN:5,(anonymous_0)
FNF:1
FNH:1
FNDA:6,(anonymous_0)
DA:1,43
DA:6,6
DA:7,6
LF:3
LH:3
BRF:0
BRH:0
end_of_record
TN:
SF:src/presentation/errors/server-error.ts
FN:5,(anonymous_0)
FNF:1
FNH:1
FNDA:50,(anonymous_0)
DA:1,43
DA:6,50
DA:7,50
DA:8,50
LF:4
LH:4
BRF:0
BRH:0
end_of_record
TN:
SF:src/presentation/errors/unauthorized-error.ts
FN:5,(anonymous_0)
FNF:1
FNH:1
FNDA:3,(anonymous_0)
DA:1,43
DA:6,3
DA:7,3
LF:3
LH:3
BRF:0
BRH:0
end_of_record
TN:
SF:src/presentation/errors/value-nothing-in-use-error.ts
FN:2,(anonymous_0)
FNF:1
FNH:1
FNDA:12,(anonymous_0)
DA:1,43
DA:3,12
DA:4,12
LF:3
LH:3
BRF:0
BRH:0
end_of_record
TN:
SF:src/presentation/helpers/http/http-helper.ts
FN:4,(anonymous_0)
FN:9,(anonymous_1)
FN:14,(anonymous_2)
FN:19,(anonymous_3)
FN:24,(anonymous_4)
FN:29,(anonymous_5)
FNF:6
FNH:6
FNDA:16,(anonymous_0)
FNDA:40,(anonymous_1)
FNDA:3,(anonymous_2)
FNDA:49,(anonymous_3)
FNDA:73,(anonymous_4)
FNDA:28,(anonymous_5)
DA:2,31
DA:4,31
DA:9,40
DA:14,31
DA:19,49
DA:24,73
DA:29,31
LF:7
LH:7
BRF:0
BRH:0
end_of_record
TN:
SF:src/presentation/middlewares/auth-middleware.ts
FN:7,(anonymous_0)
FN:12,(anonymous_1)
FNF:2
FNH:2
FNDA:16,(anonymous_0)
FNDA:31,(anonymous_1)
DA:1,12
DA:2,12
DA:6,12
DA:8,16
DA:9,16
DA:13,31
DA:14,31
DA:15,31
DA:16,17
DA:17,16
DA:18,15
DA:21,15
DA:23,1
LF:13
LH:13
BRDA:14,0,0,1
BRDA:14,0,1,30
BRDA:14,1,0,31
BRDA:14,1,1,31
BRDA:15,2,0,17
BRDA:15,2,1,14
BRDA:17,3,0,15
BRDA:17,3,1,1
BRF:8
BRH:8
end_of_record
TN:
SF:src/validation/validators/compare-fields-validation.ts
FN:5,(anonymous_0)
FN:9,(anonymous_1)
FNF:2
FNH:2
FNDA:15,(anonymous_0)
FNDA:4,(anonymous_1)
DA:2,13
DA:4,13
DA:5,15
DA:10,4
DA:11,1
LF:5
LH:5
BRDA:10,0,0,1
BRDA:10,0,1,3
BRF:2
BRH:2
end_of_record
TN:
SF:src/validation/validators/email-validation.ts
FN:6,(anonymous_0)
FN:11,(anonymous_1)
FNF:2
FNH:2
FNDA:29,(anonymous_0)
FNDA:7,(anonymous_1)
DA:2,14
DA:5,14
DA:7,29
DA:8,29
DA:12,7
DA:13,6
DA:14,1
LF:7
LH:7
BRDA:13,0,0,1
BRDA:13,0,1,5
BRF:2
BRH:2
end_of_record
TN:
SF:src/validation/validators/required-field-validation.ts
FN:5,(anonymous_0)
FN:9,(anonymous_1)
FNF:2
FNH:2
FNDA:1133,(anonymous_0)
FNDA:95,(anonymous_1)
DA:2,20
DA:4,20
DA:5,1133
DA:10,95
DA:11,1
LF:5
LH:5
BRDA:10,0,0,1
BRDA:10,0,1,94
BRF:2
BRH:2
end_of_record
TN:
SF:src/validation/validators/validation-composite.ts
FN:4,(anonymous_0)
FN:7,(anonymous_1)
FNF:2
FNH:2
FNDA:91,(anonymous_0)
FNDA:13,(anonymous_1)
DA:3,20
DA:4,91
DA:8,13
DA:9,104
DA:10,104
DA:11,2
LF:6
LH:6
BRDA:10,0,0,2
BRDA:10,0,1,102
BRF:2
BRH:2
end_of_record
